{"numFailedTestSuites":0,"numFailedTests":0,"numPassedTestSuites":5,"numPassedTests":12,"numPendingTestSuites":0,"numPendingTests":0,"numRuntimeErrorTestSuites":0,"numTodoTests":0,"numTotalTestSuites":5,"numTotalTests":12,"openHandles":[],"snapshot":{"added":0,"didUpdate":false,"failure":false,"filesAdded":0,"filesRemoved":0,"filesRemovedList":[],"filesUnmatched":0,"filesUpdated":0,"matched":11,"total":11,"unchecked":0,"uncheckedKeysByFile":[],"unmatched":0,"updated":0},"startTime":1748808539000,"success":true,"testResults":[{"assertionResults":[{"ancestorTitles":["ErrorBoundary"],"duration":21,"failureDetails":[],"failureMessages":[],"fullName":"ErrorBoundary renders children when no error occurs","invocations":1,"location":null,"numPassingAsserts":2,"retryReasons":[],"status":"passed","title":"renders children when no error occurs"},{"ancestorTitles":["ErrorBoundary"],"duration":8,"failureDetails":[],"failureMessages":[],"fullName":"ErrorBoundary renders fallback UI when an error occurs","invocations":1,"location":null,"numPassingAsserts":4,"retryReasons":[],"status":"passed","title":"renders fallback UI when an error occurs"},{"ancestorTitles":["ErrorBoundary"],"duration":2,"failureDetails":[],"failureMessages":[],"fullName":"ErrorBoundary renders custom fallback when provided","invocations":1,"location":null,"numPassingAsserts":2,"retryReasons":[],"status":"passed","title":"renders custom fallback when provided"}],"endTime":1748808540694,"message":"","name":"/home/runner/work/podr/podr/src/ui/__tests__/ErrorBoundary.test.tsx","startTime":1748808539829,"status":"passed","summary":""},{"assertionResults":[{"ancestorTitles":["App component"],"duration":38,"failureDetails":[],"failureMessages":[],"fullName":"App component renders without crashing","invocations":1,"location":null,"numPassingAsserts":2,"retryReasons":[],"status":"passed","title":"renders without crashing"},{"ancestorTitles":["App component"],"duration":10,"failureDetails":[],"failureMessages":[],"fullName":"App component loads top podcasts on mount","invocations":1,"location":null,"numPassingAsserts":3,"retryReasons":[],"status":"passed","title":"loads top podcasts on mount"},{"ancestorTitles":["App component"],"duration":61,"failureDetails":[],"failureMessages":[],"fullName":"App component handles search functionality","invocations":1,"location":null,"numPassingAsserts":2,"retryReasons":[],"status":"passed","title":"handles search functionality"}],"endTime":1748808540787,"message":"","name":"/home/runner/work/podr/podr/src/ui/__tests__/AppFunctional.test.tsx","startTime":1748808539820,"status":"passed","summary":""},{"assertionResults":[{"ancestorTitles":["List component"],"duration":12,"failureDetails":[],"failureMessages":[],"fullName":"List component renders with results","invocations":1,"location":null,"numPassingAsserts":1,"retryReasons":[],"status":"passed","title":"renders with results"},{"ancestorTitles":["List component"],"duration":3,"failureDetails":[],"failureMessages":[],"fullName":"List component renders empty state","invocations":1,"location":null,"numPassingAsserts":1,"retryReasons":[],"status":"passed","title":"renders empty state"}],"endTime":1748808540852,"message":"","name":"/home/runner/work/podr/podr/src/ui/__tests__/List.test.tsx","startTime":1748808540708,"status":"passed","summary":""},{"assertionResults":[{"ancestorTitles":["Result component"],"duration":6,"failureDetails":[],"failureMessages":[],"fullName":"Result component renders correctly","invocations":1,"location":null,"numPassingAsserts":1,"retryReasons":[],"status":"passed","title":"renders correctly"},{"ancestorTitles":["Result component"],"duration":3,"failureDetails":[],"failureMessages":[],"fullName":"Result component renders with empty duration and date","invocations":1,"location":null,"numPassingAsserts":1,"retryReasons":[],"status":"passed","title":"renders with empty duration and date"}],"endTime":1748808540965,"message":"","name":"/home/runner/work/podr/podr/src/ui/__tests__/Result.test.tsx","startTime":1748808540825,"status":"passed","summary":""},{"assertionResults":[{"ancestorTitles":["Search component"],"duration":5,"failureDetails":[],"failureMessages":[],"fullName":"Search component renders correctly","invocations":1,"location":null,"numPassingAsserts":1,"retryReasons":[],"status":"passed","title":"renders correctly"},{"ancestorTitles":["Search component"],"duration":2,"failureDetails":[],"failureMessages":[],"fullName":"Search component renders with query signal","invocations":1,"location":null,"numPassingAsserts":1,"retryReasons":[],"status":"passed","title":"renders with query signal"}],"endTime":1748808541039,"message":"","name":"/home/runner/work/podr/podr/src/ui/__tests__/Search.test.tsx","startTime":1748808540899,"status":"passed","summary":""}],"wasInterrupted":false,"coverageMap":{"/home/runner/work/podr/podr/src/ui/ErrorBoundary.tsx":{"path":"/home/runner/work/podr/podr/src/ui/ErrorBoundary.tsx","statementMap":{"0":{"start":{"line":19,"column":4},"end":{"line":19,"column":17}},"1":{"start":{"line":20,"column":4},"end":{"line":20,"column":50}},"2":{"start":{"line":25,"column":4},"end":{"line":28,"column":7}},"3":{"start":{"line":31,"column":4},"end":{"line":36,"column":5}},"4":{"start":{"line":32,"column":6},"end":{"line":35,"column":9}},"5":{"start":{"line":40,"column":4},"end":{"line":52,"column":5}},"6":{"start":{"line":42,"column":6},"end":{"line":51,"column":8}},"7":{"start":{"line":55,"column":4},"end":{"line":55,"column":31}}},"fnMap":{"0":{"name":"(anonymous_0)","decl":{"start":{"line":18,"column":2},"end":{"line":18,"column":3}},"loc":{"start":{"line":18,"column":41},"end":{"line":21,"column":3}},"line":18},"1":{"name":"(anonymous_1)","decl":{"start":{"line":23,"column":2},"end":{"line":23,"column":3}},"loc":{"start":{"line":23,"column":50},"end":{"line":37,"column":3}},"line":23},"2":{"name":"(anonymous_2)","decl":{"start":{"line":39,"column":2},"end":{"line":39,"column":3}},"loc":{"start":{"line":39,"column":11},"end":{"line":56,"column":3}},"line":39}},"branchMap":{"0":{"loc":{"start":{"line":31,"column":4},"end":{"line":36,"column":5}},"type":"if","locations":[{"start":{"line":31,"column":4},"end":{"line":36,"column":5}},{"start":{},"end":{}}],"line":31},"1":{"loc":{"start":{"line":31,"column":8},"end":{"line":31,"column":52}},"type":"binary-expr","locations":[{"start":{"line":31,"column":8},"end":{"line":31,"column":37}},{"start":{"line":31,"column":41},"end":{"line":31,"column":52}}],"line":31},"2":{"loc":{"start":{"line":40,"column":4},"end":{"line":52,"column":5}},"type":"if","locations":[{"start":{"line":40,"column":4},"end":{"line":52,"column":5}},{"start":{},"end":{}}],"line":40},"3":{"loc":{"start":{"line":42,"column":13},"end":{"line":51,"column":7}},"type":"binary-expr","locations":[{"start":{"line":42,"column":13},"end":{"line":42,"column":32}},{"start":{"line":43,"column":8},"end":{"line":50,"column":14}}],"line":42}},"s":{"0":3,"1":3,"2":2,"3":2,"4":2,"5":5,"6":2,"7":3},"f":{"0":3,"1":2,"2":5},"b":{"0":[2,0],"1":[2,2],"2":[2,3],"3":[2,1]},"_coverageSchema":"1a1c01bbd47fc00a2c39e90264f33305004495a9","hash":"6e48bbf9a75f189ca52076d5c161385e9fb6ef60"},"/home/runner/work/podr/podr/src/ui/Result.tsx":{"path":"/home/runner/work/podr/podr/src/ui/Result.tsx","statementMap":{"0":{"start":{"line":11,"column":2},"end":{"line":11,"column":35}},"1":{"start":{"line":11,"column":17},"end":{"line":11,"column":35}},"2":{"start":{"line":13,"column":16},"end":{"line":13,"column":43}},"3":{"start":{"line":14,"column":18},"end":{"line":14,"column":52}},"4":{"start":{"line":15,"column":18},"end":{"line":15,"column":43}},"5":{"start":{"line":17,"column":2},"end":{"line":21,"column":14}},"6":{"start":{"line":30,"column":2},"end":{"line":30,"column":28}},"7":{"start":{"line":30,"column":18},"end":{"line":30,"column":28}},"8":{"start":{"line":31,"column":2},"end":{"line":40,"column":3}},"9":{"start":{"line":32,"column":17},"end":{"line":32,"column":55}},"10":{"start":{"line":33,"column":4},"end":{"line":37,"column":7}},"11":{"start":{"line":39,"column":4},"end":{"line":39,"column":14}},"12":{"start":{"line":65,"column":55},"end":{"line":100,"column":1}},"13":{"start":{"line":67,"column":32},"end":{"line":67,"column":37}},"14":{"start":{"line":68,"column":55},"end":{"line":68,"column":61}},"15":{"start":{"line":71,"column":28},"end":{"line":73,"column":25}},"16":{"start":{"line":72,"column":6},"end":{"line":72,"column":22}},"17":{"start":{"line":76,"column":26},"end":{"line":76,"column":74}},"18":{"start":{"line":76,"column":40},"end":{"line":76,"column":62}},"19":{"start":{"line":77,"column":30},"end":{"line":77,"column":101}},"20":{"start":{"line":77,"column":44},"end":{"line":77,"column":78}},"21":{"start":{"line":79,"column":4},"end":{"line":94,"column":6}},"22":{"start":{"line":82,"column":26},"end":{"line":82,"column":64}},"23":{"start":{"line":98,"column":4},"end":{"line":98,"column":59}}},"fnMap":{"0":{"name":"formatDuration","decl":{"start":{"line":10,"column":9},"end":{"line":10,"column":23}},"loc":{"start":{"line":10,"column":50},"end":{"line":22,"column":1}},"line":10},"1":{"name":"formatPubDate","decl":{"start":{"line":29,"column":9},"end":{"line":29,"column":22}},"loc":{"start":{"line":29,"column":50},"end":{"line":41,"column":1}},"line":29},"2":{"name":"(anonymous_2)","decl":{"start":{"line":66,"column":2},"end":{"line":66,"column":3}},"loc":{"start":{"line":66,"column":27},"end":{"line":95,"column":3}},"line":66},"3":{"name":"(anonymous_3)","decl":{"start":{"line":71,"column":40},"end":{"line":71,"column":41}},"loc":{"start":{"line":71,"column":46},"end":{"line":73,"column":5}},"line":71},"4":{"name":"(anonymous_4)","decl":{"start":{"line":76,"column":34},"end":{"line":76,"column":35}},"loc":{"start":{"line":76,"column":40},"end":{"line":76,"column":62}},"line":76},"5":{"name":"(anonymous_5)","decl":{"start":{"line":77,"column":38},"end":{"line":77,"column":39}},"loc":{"start":{"line":77,"column":44},"end":{"line":77,"column":78}},"line":77},"6":{"name":"(anonymous_6)","decl":{"start":{"line":82,"column":19},"end":{"line":82,"column":20}},"loc":{"start":{"line":82,"column":26},"end":{"line":82,"column":64}},"line":82},"7":{"name":"(anonymous_7)","decl":{"start":{"line":97,"column":2},"end":{"line":97,"column":3}},"loc":{"start":{"line":97,"column":28},"end":{"line":99,"column":3}},"line":97}},"branchMap":{"0":{"loc":{"start":{"line":11,"column":2},"end":{"line":11,"column":35}},"type":"if","locations":[{"start":{"line":11,"column":2},"end":{"line":11,"column":35}},{"start":{},"end":{}}],"line":11},"1":{"loc":{"start":{"line":18,"column":4},"end":{"line":18,"column":36}},"type":"cond-expr","locations":[{"start":{"line":18,"column":17},"end":{"line":18,"column":28}},{"start":{"line":18,"column":31},"end":{"line":18,"column":36}}],"line":18},"2":{"loc":{"start":{"line":19,"column":4},"end":{"line":19,"column":42}},"type":"cond-expr","locations":[{"start":{"line":19,"column":19},"end":{"line":19,"column":32}},{"start":{"line":19,"column":35},"end":{"line":19,"column":42}}],"line":19},"3":{"loc":{"start":{"line":20,"column":4},"end":{"line":20,"column":42}},"type":"cond-expr","locations":[{"start":{"line":20,"column":19},"end":{"line":20,"column":32}},{"start":{"line":20,"column":35},"end":{"line":20,"column":42}}],"line":20},"4":{"loc":{"start":{"line":30,"column":2},"end":{"line":30,"column":28}},"type":"if","locations":[{"start":{"line":30,"column":2},"end":{"line":30,"column":28}},{"start":{},"end":{}}],"line":30},"5":{"loc":{"start":{"line":82,"column":26},"end":{"line":82,"column":64}},"type":"binary-expr","locations":[{"start":{"line":82,"column":26},"end":{"line":82,"column":43}},{"start":{"line":82,"column":47},"end":{"line":82,"column":64}}],"line":82}},"s":{"0":4,"1":1,"2":3,"3":3,"4":3,"5":3,"6":4,"7":1,"8":3,"9":3,"10":3,"11":0,"12":3,"13":4,"14":4,"15":4,"16":0,"17":4,"18":4,"19":4,"20":4,"21":4,"22":0,"23":0},"f":{"0":4,"1":4,"2":4,"3":0,"4":4,"5":4,"6":0,"7":0},"b":{"0":[1,3],"1":[3,0],"2":[2,1],"3":[3,0],"4":[1,3],"5":[0,0]},"_coverageSchema":"1a1c01bbd47fc00a2c39e90264f33305004495a9","hash":"c05cb163aebac2c3a00692f437d9061861629960"},"/home/runner/work/podr/podr/src/ui/List.tsx":{"path":"/home/runner/work/podr/podr/src/ui/List.tsx","statementMap":{"0":{"start":{"line":15,"column":51},"end":{"line":59,"column":1}},"1":{"start":{"line":17,"column":33},"end":{"line":17,"column":38}},"2":{"start":{"line":19,"column":4},"end":{"line":46,"column":6}},"3":{"start":{"line":32,"column":14},"end":{"line":36,"column":16}},"4":{"start":{"line":51,"column":4},"end":{"line":53,"column":5}},"5":{"start":{"line":52,"column":6},"end":{"line":52,"column":19}},"6":{"start":{"line":57,"column":4},"end":{"line":57,"column":51}}},"fnMap":{"0":{"name":"(anonymous_0)","decl":{"start":{"line":16,"column":2},"end":{"line":16,"column":3}},"loc":{"start":{"line":16,"column":25},"end":{"line":47,"column":3}},"line":16},"1":{"name":"(anonymous_1)","decl":{"start":{"line":31,"column":25},"end":{"line":31,"column":26}},"loc":{"start":{"line":32,"column":14},"end":{"line":36,"column":16}},"line":32},"2":{"name":"(anonymous_2)","decl":{"start":{"line":49,"column":2},"end":{"line":49,"column":3}},"loc":{"start":{"line":49,"column":28},"end":{"line":58,"column":3}},"line":49}},"branchMap":{"0":{"loc":{"start":{"line":38,"column":13},"end":{"line":42,"column":13}},"type":"binary-expr","locations":[{"start":{"line":38,"column":13},"end":{"line":38,"column":33}},{"start":{"line":39,"column":14},"end":{"line":41,"column":19}}],"line":38},"1":{"loc":{"start":{"line":51,"column":4},"end":{"line":53,"column":5}},"type":"if","locations":[{"start":{"line":51,"column":4},"end":{"line":53,"column":5}},{"start":{},"end":{}}],"line":51}},"s":{"0":2,"1":8,"2":8,"3":2,"4":6,"5":0,"6":6},"f":{"0":8,"1":2,"2":6},"b":{"0":[8,7],"1":[0,6]},"_coverageSchema":"1a1c01bbd47fc00a2c39e90264f33305004495a9","hash":"5718684aa7bb9bebf3fd989fa4abdd24dfcd4fa6"},"/home/runner/work/podr/podr/src/utils/helpers.ts":{"path":"/home/runner/work/podr/podr/src/utils/helpers.ts","statementMap":{"0":{"start":{"line":7,"column":2},"end":{"line":7,"column":48}},"1":{"start":{"line":17,"column":2},"end":{"line":19,"column":73}},"2":{"start":{"line":28,"column":2},"end":{"line":28,"column":23}}},"fnMap":{"0":{"name":"getSecureUrl","decl":{"start":{"line":6,"column":16},"end":{"line":6,"column":28}},"loc":{"start":{"line":6,"column":50},"end":{"line":8,"column":1}},"line":6},"1":{"name":"getFeedUrl","decl":{"start":{"line":16,"column":16},"end":{"line":16,"column":26}},"loc":{"start":{"line":16,"column":76},"end":{"line":20,"column":1}},"line":16},"2":{"name":"ToArray","decl":{"start":{"line":27,"column":16},"end":{"line":27,"column":23}},"loc":{"start":{"line":27,"column":68},"end":{"line":29,"column":1}},"line":27}},"branchMap":{"0":{"loc":{"start":{"line":16,"column":44},"end":{"line":16,"column":66}},"type":"default-arg","locations":[{"start":{"line":16,"column":63},"end":{"line":16,"column":66}}],"line":16}},"s":{"0":0,"1":0,"2":25},"f":{"0":0,"1":0,"2":25},"b":{"0":[0]},"_coverageSchema":"1a1c01bbd47fc00a2c39e90264f33305004495a9","hash":"66d98c0bda1eb9d1cdb28e557949db02c83bed02"},"/home/runner/work/podr/podr/src/utils/hooks.ts":{"path":"/home/runner/work/podr/podr/src/utils/hooks.ts","statementMap":{"0":{"start":{"line":15,"column":17},"end":{"line":15,"column":71}},"1":{"start":{"line":18,"column":2},"end":{"line":27,"column":12}},"2":{"start":{"line":19,"column":4},"end":{"line":26,"column":5}},"3":{"start":{"line":20,"column":19},"end":{"line":20,"column":44}},"4":{"start":{"line":21,"column":6},"end":{"line":23,"column":7}},"5":{"start":{"line":22,"column":8},"end":{"line":22,"column":40}},"6":{"start":{"line":25,"column":6},"end":{"line":25,"column":67}},"7":{"start":{"line":30,"column":2},"end":{"line":32,"column":5}},"8":{"start":{"line":31,"column":4},"end":{"line":31,"column":60}},"9":{"start":{"line":34,"column":2},"end":{"line":34,"column":16}},"10":{"start":{"line":43,"column":19},"end":{"line":43,"column":56}},"11":{"start":{"line":45,"column":15},"end":{"line":59,"column":8}},"12":{"start":{"line":46,"column":4},"end":{"line":46,"column":34}},"13":{"start":{"line":46,"column":27},"end":{"line":46,"column":34}},"14":{"start":{"line":48,"column":4},"end":{"line":50,"column":5}},"15":{"start":{"line":49,"column":6},"end":{"line":49,"column":33}},"16":{"start":{"line":52,"column":4},"end":{"line":58,"column":7}},"17":{"start":{"line":53,"column":6},"end":{"line":53,"column":49}},"18":{"start":{"line":54,"column":6},"end":{"line":57,"column":9}},"19":{"start":{"line":61,"column":16},"end":{"line":64,"column":8}},"20":{"start":{"line":62,"column":4},"end":{"line":62,"column":34}},"21":{"start":{"line":62,"column":27},"end":{"line":62,"column":34}},"22":{"start":{"line":63,"column":4},"end":{"line":63,"column":29}},"23":{"start":{"line":66,"column":2},"end":{"line":66,"column":35}},"24":{"start":{"line":76,"column":20},"end":{"line":76,"column":79}},"25":{"start":{"line":77,"column":15},"end":{"line":77,"column":75}},"26":{"start":{"line":78,"column":16},"end":{"line":78,"column":84}},"27":{"start":{"line":80,"column":20},"end":{"line":104,"column":20}},"28":{"start":{"line":81,"column":4},"end":{"line":81,"column":21}},"29":{"start":{"line":81,"column":14},"end":{"line":81,"column":21}},"30":{"start":{"line":83,"column":4},"end":{"line":83,"column":27}},"31":{"start":{"line":84,"column":4},"end":{"line":84,"column":23}},"32":{"start":{"line":86,"column":4},"end":{"line":103,"column":5}},"33":{"start":{"line":87,"column":23},"end":{"line":87,"column":48}},"34":{"start":{"line":89,"column":6},"end":{"line":91,"column":7}},"35":{"start":{"line":90,"column":8},"end":{"line":90,"column":66}},"36":{"start":{"line":93,"column":21},"end":{"line":93,"column":42}},"37":{"start":{"line":94,"column":6},"end":{"line":94,"column":26}},"38":{"start":{"line":96,"column":6},"end":{"line":96,"column":72}},"39":{"start":{"line":97,"column":6},"end":{"line":100,"column":9}},"40":{"start":{"line":102,"column":6},"end":{"line":102,"column":30}},"41":{"start":{"line":106,"column":2},"end":{"line":110,"column":23}},"42":{"start":{"line":107,"column":4},"end":{"line":109,"column":5}},"43":{"start":{"line":108,"column":6},"end":{"line":108,"column":18}},"44":{"start":{"line":112,"column":2},"end":{"line":117,"column":4}},"45":{"start":{"line":124,"column":21},"end":{"line":132,"column":8}},"46":{"start":{"line":125,"column":4},"end":{"line":125,"column":62}},"47":{"start":{"line":125,"column":55},"end":{"line":125,"column":62}},"48":{"start":{"line":127,"column":4},"end":{"line":131,"column":7}},"49":{"start":{"line":134,"column":25},"end":{"line":141,"column":8}},"50":{"start":{"line":135,"column":4},"end":{"line":135,"column":62}},"51":{"start":{"line":135,"column":55},"end":{"line":135,"column":62}},"52":{"start":{"line":137,"column":4},"end":{"line":140,"column":7}},"53":{"start":{"line":143,"column":22},"end":{"line":150,"column":8}},"54":{"start":{"line":144,"column":4},"end":{"line":144,"column":62}},"55":{"start":{"line":144,"column":55},"end":{"line":144,"column":62}},"56":{"start":{"line":146,"column":4},"end":{"line":149,"column":7}},"57":{"start":{"line":152,"column":2},"end":{"line":152,"column":53}}},"fnMap":{"0":{"name":"useLocalStorageSignal","decl":{"start":{"line":11,"column":16},"end":{"line":11,"column":37}},"loc":{"start":{"line":14,"column":13},"end":{"line":35,"column":1}},"line":14},"1":{"name":"(anonymous_1)","decl":{"start":{"line":18,"column":12},"end":{"line":18,"column":13}},"loc":{"start":{"line":18,"column":18},"end":{"line":27,"column":3}},"line":18},"2":{"name":"(anonymous_2)","decl":{"start":{"line":30,"column":9},"end":{"line":30,"column":10}},"loc":{"start":{"line":30,"column":15},"end":{"line":32,"column":3}},"line":30},"3":{"name":"useAudio","decl":{"start":{"line":42,"column":16},"end":{"line":42,"column":24}},"loc":{"start":{"line":42,"column":46},"end":{"line":67,"column":1}},"line":42},"4":{"name":"(anonymous_4)","decl":{"start":{"line":45,"column":27},"end":{"line":45,"column":28}},"loc":{"start":{"line":45,"column":45},"end":{"line":59,"column":3}},"line":45},"5":{"name":"(anonymous_5)","decl":{"start":{"line":52,"column":34},"end":{"line":52,"column":35}},"loc":{"start":{"line":52,"column":41},"end":{"line":58,"column":5}},"line":52},"6":{"name":"(anonymous_6)","decl":{"start":{"line":61,"column":28},"end":{"line":61,"column":29}},"loc":{"start":{"line":61,"column":34},"end":{"line":64,"column":3}},"line":61},"7":{"name":"useFetch","decl":{"start":{"line":75,"column":16},"end":{"line":75,"column":24}},"loc":{"start":{"line":75,"column":71},"end":{"line":118,"column":1}},"line":75},"8":{"name":"(anonymous_8)","decl":{"start":{"line":80,"column":32},"end":{"line":80,"column":33}},"loc":{"start":{"line":80,"column":44},"end":{"line":104,"column":3}},"line":80},"9":{"name":"(anonymous_9)","decl":{"start":{"line":106,"column":12},"end":{"line":106,"column":13}},"loc":{"start":{"line":106,"column":18},"end":{"line":110,"column":3}},"line":106},"10":{"name":"useAnalytics","decl":{"start":{"line":123,"column":16},"end":{"line":123,"column":28}},"loc":{"start":{"line":123,"column":31},"end":{"line":153,"column":1}},"line":123},"11":{"name":"(anonymous_11)","decl":{"start":{"line":124,"column":33},"end":{"line":124,"column":34}},"loc":{"start":{"line":124,"column":86},"end":{"line":132,"column":3}},"line":124},"12":{"name":"(anonymous_12)","decl":{"start":{"line":134,"column":37},"end":{"line":134,"column":38}},"loc":{"start":{"line":134,"column":86},"end":{"line":141,"column":3}},"line":134},"13":{"name":"(anonymous_13)","decl":{"start":{"line":143,"column":34},"end":{"line":143,"column":35}},"loc":{"start":{"line":143,"column":58},"end":{"line":150,"column":3}},"line":143}},"branchMap":{"0":{"loc":{"start":{"line":21,"column":6},"end":{"line":23,"column":7}},"type":"if","locations":[{"start":{"line":21,"column":6},"end":{"line":23,"column":7}},{"start":{},"end":{}}],"line":21},"1":{"loc":{"start":{"line":46,"column":4},"end":{"line":46,"column":34}},"type":"if","locations":[{"start":{"line":46,"column":4},"end":{"line":46,"column":34}},{"start":{},"end":{}}],"line":46},"2":{"loc":{"start":{"line":48,"column":4},"end":{"line":50,"column":5}},"type":"if","locations":[{"start":{"line":48,"column":4},"end":{"line":50,"column":5}},{"start":{},"end":{}}],"line":48},"3":{"loc":{"start":{"line":62,"column":4},"end":{"line":62,"column":34}},"type":"if","locations":[{"start":{"line":62,"column":4},"end":{"line":62,"column":34}},{"start":{},"end":{}}],"line":62},"4":{"loc":{"start":{"line":81,"column":4},"end":{"line":81,"column":21}},"type":"if","locations":[{"start":{"line":81,"column":4},"end":{"line":81,"column":21}},{"start":{},"end":{}}],"line":81},"5":{"loc":{"start":{"line":89,"column":6},"end":{"line":91,"column":7}},"type":"if","locations":[{"start":{"line":89,"column":6},"end":{"line":91,"column":7}},{"start":{},"end":{}}],"line":89},"6":{"loc":{"start":{"line":96,"column":20},"end":{"line":96,"column":71}},"type":"cond-expr","locations":[{"start":{"line":96,"column":43},"end":{"line":96,"column":46}},{"start":{"line":96,"column":49},"end":{"line":96,"column":71}}],"line":96},"7":{"loc":{"start":{"line":107,"column":4},"end":{"line":109,"column":5}},"type":"if","locations":[{"start":{"line":107,"column":4},"end":{"line":109,"column":5}},{"start":{},"end":{}}],"line":107},"8":{"loc":{"start":{"line":125,"column":4},"end":{"line":125,"column":62}},"type":"if","locations":[{"start":{"line":125,"column":4},"end":{"line":125,"column":62}},{"start":{},"end":{}}],"line":125},"9":{"loc":{"start":{"line":125,"column":8},"end":{"line":125,"column":53}},"type":"binary-expr","locations":[{"start":{"line":125,"column":8},"end":{"line":125,"column":37}},{"start":{"line":125,"column":41},"end":{"line":125,"column":53}}],"line":125},"10":{"loc":{"start":{"line":134,"column":59},"end":{"line":134,"column":81}},"type":"default-arg","locations":[{"start":{"line":134,"column":76},"end":{"line":134,"column":81}}],"line":134},"11":{"loc":{"start":{"line":135,"column":4},"end":{"line":135,"column":62}},"type":"if","locations":[{"start":{"line":135,"column":4},"end":{"line":135,"column":62}},{"start":{},"end":{}}],"line":135},"12":{"loc":{"start":{"line":135,"column":8},"end":{"line":135,"column":53}},"type":"binary-expr","locations":[{"start":{"line":135,"column":8},"end":{"line":135,"column":37}},{"start":{"line":135,"column":41},"end":{"line":135,"column":53}}],"line":135},"13":{"loc":{"start":{"line":144,"column":4},"end":{"line":144,"column":62}},"type":"if","locations":[{"start":{"line":144,"column":4},"end":{"line":144,"column":62}},{"start":{},"end":{}}],"line":144},"14":{"loc":{"start":{"line":144,"column":8},"end":{"line":144,"column":53}},"type":"binary-expr","locations":[{"start":{"line":144,"column":8},"end":{"line":144,"column":37}},{"start":{"line":144,"column":41},"end":{"line":144,"column":53}}],"line":144}},"s":{"0":0,"1":0,"2":0,"3":0,"4":0,"5":0,"6":0,"7":0,"8":0,"9":0,"10":0,"11":0,"12":0,"13":0,"14":0,"15":0,"16":0,"17":0,"18":0,"19":0,"20":0,"21":0,"22":0,"23":0,"24":0,"25":0,"26":0,"27":0,"28":0,"29":0,"30":0,"31":0,"32":0,"33":0,"34":0,"35":0,"36":0,"37":0,"38":0,"39":0,"40":0,"41":0,"42":0,"43":0,"44":0,"45":9,"46":0,"47":0,"48":0,"49":9,"50":0,"51":0,"52":0,"53":9,"54":1,"55":0,"56":1,"57":9},"f":{"0":0,"1":0,"2":0,"3":0,"4":0,"5":0,"6":0,"7":0,"8":0,"9":0,"10":9,"11":0,"12":0,"13":1},"b":{"0":[0,0],"1":[0,0],"2":[0,0],"3":[0,0],"4":[0,0],"5":[0,0],"6":[0,0],"7":[0,0],"8":[0,0],"9":[0,0],"10":[0],"11":[0,0],"12":[0,0],"13":[0,1],"14":[1,1]},"_coverageSchema":"1a1c01bbd47fc00a2c39e90264f33305004495a9","hash":"135c32237ba02a3c3bfdadc049571a7a68d745af"},"/home/runner/work/podr/podr/src/ui/Search.tsx":{"path":"/home/runner/work/podr/podr/src/ui/Search.tsx","statementMap":{"0":{"start":{"line":30,"column":55},"end":{"line":87,"column":1}},"1":{"start":{"line":31,"column":19},"end":{"line":31,"column":49}},"2":{"start":{"line":32,"column":26},"end":{"line":32,"column":40}},"3":{"start":{"line":37,"column":20},"end":{"line":43,"column":29}},"4":{"start":{"line":38,"column":4},"end":{"line":42,"column":5}},"5":{"start":{"line":39,"column":20},"end":{"line":39,"column":52}},"6":{"start":{"line":40,"column":6},"end":{"line":40,"column":22}},"7":{"start":{"line":41,"column":6},"end":{"line":41,"column":25}},"8":{"start":{"line":48,"column":23},"end":{"line":55,"column":29}},"9":{"start":{"line":49,"column":4},"end":{"line":49,"column":27}},"10":{"start":{"line":50,"column":4},"end":{"line":54,"column":5}},"11":{"start":{"line":51,"column":20},"end":{"line":51,"column":49}},"12":{"start":{"line":52,"column":6},"end":{"line":52,"column":22}},"13":{"start":{"line":53,"column":6},"end":{"line":53,"column":25}},"14":{"start":{"line":60,"column":23},"end":{"line":64,"column":19}},"15":{"start":{"line":61,"column":4},"end":{"line":63,"column":5}},"16":{"start":{"line":62,"column":6},"end":{"line":62,"column":52}},"17":{"start":{"line":66,"column":2},"end":{"line":86,"column":4}}},"fnMap":{"0":{"name":"(anonymous_0)","decl":{"start":{"line":30,"column":55},"end":{"line":30,"column":56}},"loc":{"start":{"line":30,"column":86},"end":{"line":87,"column":1}},"line":30},"1":{"name":"(anonymous_1)","decl":{"start":{"line":37,"column":32},"end":{"line":37,"column":33}},"loc":{"start":{"line":37,"column":88},"end":{"line":43,"column":3}},"line":37},"2":{"name":"(anonymous_2)","decl":{"start":{"line":48,"column":35},"end":{"line":48,"column":36}},"loc":{"start":{"line":48,"column":82},"end":{"line":55,"column":3}},"line":48},"3":{"name":"(anonymous_3)","decl":{"start":{"line":60,"column":35},"end":{"line":60,"column":36}},"loc":{"start":{"line":60,"column":83},"end":{"line":64,"column":3}},"line":60}},"branchMap":{"0":{"loc":{"start":{"line":38,"column":4},"end":{"line":42,"column":5}},"type":"if","locations":[{"start":{"line":38,"column":4},"end":{"line":42,"column":5}},{"start":{},"end":{}}],"line":38},"1":{"loc":{"start":{"line":50,"column":4},"end":{"line":54,"column":5}},"type":"if","locations":[{"start":{"line":50,"column":4},"end":{"line":54,"column":5}},{"start":{},"end":{}}],"line":50},"2":{"loc":{"start":{"line":61,"column":4},"end":{"line":63,"column":5}},"type":"if","locations":[{"start":{"line":61,"column":4},"end":{"line":63,"column":5}},{"start":{},"end":{}}],"line":61},"3":{"loc":{"start":{"line":75,"column":18},"end":{"line":75,"column":56}},"type":"cond-expr","locations":[{"start":{"line":75,"column":32},"end":{"line":75,"column":44}},{"start":{"line":75,"column":47},"end":{"line":75,"column":56}}],"line":75}},"s":{"0":2,"1":11,"2":11,"3":11,"4":0,"5":0,"6":0,"7":0,"8":11,"9":1,"10":1,"11":1,"12":1,"13":1,"14":11,"15":0,"16":0,"17":11},"f":{"0":11,"1":0,"2":1,"3":0},"b":{"0":[0,0],"1":[1,0],"2":[0,0],"3":[1,10]},"_coverageSchema":"1a1c01bbd47fc00a2c39e90264f33305004495a9","hash":"191626f21457bb67eedd6eab21f39682d3209402"},"/home/runner/work/podr/podr/src/ui/AppFunctional.tsx":{"path":"/home/runner/work/podr/podr/src/ui/AppFunctional.tsx","statementMap":{"0":{"start":{"line":40,"column":21},"end":{"line":40,"column":68}},"1":{"start":{"line":41,"column":32},"end":{"line":41,"column":44}},"2":{"start":{"line":42,"column":34},"end":{"line":42,"column":48}},"3":{"start":{"line":43,"column":29},"end":{"line":43,"column":31}},"4":{"start":{"line":46,"column":14},"end":{"line":46,"column":24}},"5":{"start":{"line":47,"column":18},"end":{"line":47,"column":47}},"6":{"start":{"line":48,"column":16},"end":{"line":50,"column":1}},"7":{"start":{"line":51,"column":22},"end":{"line":51,"column":54}},"8":{"start":{"line":52,"column":19},"end":{"line":52,"column":57}},"9":{"start":{"line":55,"column":14},"end":{"line":55,"column":63}},"10":{"start":{"line":55,"column":29},"end":{"line":55,"column":62}},"11":{"start":{"line":58,"column":24},"end":{"line":91,"column":1}},"12":{"start":{"line":60,"column":2},"end":{"line":79,"column":12}},"13":{"start":{"line":61,"column":23},"end":{"line":61,"column":48}},"14":{"start":{"line":62,"column":4},"end":{"line":78,"column":5}},"15":{"start":{"line":63,"column":6},"end":{"line":77,"column":7}},"16":{"start":{"line":64,"column":28},"end":{"line":64,"column":50}},"17":{"start":{"line":65,"column":8},"end":{"line":74,"column":9}},"18":{"start":{"line":67,"column":26},"end":{"line":67,"column":42}},"19":{"start":{"line":68,"column":10},"end":{"line":70,"column":13}},"20":{"start":{"line":69,"column":12},"end":{"line":69,"column":30}},"21":{"start":{"line":71,"column":10},"end":{"line":71,"column":36}},"22":{"start":{"line":73,"column":10},"end":{"line":73,"column":36}},"23":{"start":{"line":76,"column":8},"end":{"line":76,"column":67}},"24":{"start":{"line":82,"column":2},"end":{"line":88,"column":5}},"25":{"start":{"line":83,"column":4},"end":{"line":87,"column":5}},"26":{"start":{"line":84,"column":6},"end":{"line":84,"column":83}},"27":{"start":{"line":86,"column":6},"end":{"line":86,"column":61}},"28":{"start":{"line":90,"column":2},"end":{"line":90,"column":15}},"29":{"start":{"line":94,"column":17},"end":{"line":126,"column":1}},"30":{"start":{"line":95,"column":15},"end":{"line":95,"column":37}},"31":{"start":{"line":96,"column":16},"end":{"line":96,"column":42}},"32":{"start":{"line":97,"column":20},"end":{"line":97,"column":33}},"33":{"start":{"line":99,"column":2},"end":{"line":123,"column":12}},"34":{"start":{"line":100,"column":22},"end":{"line":118,"column":5}},"35":{"start":{"line":101,"column":6},"end":{"line":101,"column":29}},"36":{"start":{"line":102,"column":6},"end":{"line":117,"column":7}},"37":{"start":{"line":103,"column":25},"end":{"line":103,"column":50}},"38":{"start":{"line":104,"column":8},"end":{"line":106,"column":9}},"39":{"start":{"line":105,"column":10},"end":{"line":105,"column":68}},"40":{"start":{"line":107,"column":23},"end":{"line":107,"column":44}},"41":{"start":{"line":108,"column":8},"end":{"line":108,"column":28}},"42":{"start":{"line":110,"column":8},"end":{"line":110,"column":35}},"43":{"start":{"line":111,"column":8},"end":{"line":114,"column":11}},"44":{"start":{"line":116,"column":8},"end":{"line":116,"column":32}},"45":{"start":{"line":120,"column":4},"end":{"line":122,"column":5}},"46":{"start":{"line":121,"column":6},"end":{"line":121,"column":18}},"47":{"start":{"line":125,"column":2},"end":{"line":125,"column":78}},"48":{"start":{"line":128,"column":19},"end":{"line":385,"column":1}},"49":{"start":{"line":129,"column":19},"end":{"line":129,"column":49}},"50":{"start":{"line":132,"column":2},"end":{"line":132,"column":57}},"51":{"start":{"line":133,"column":2},"end":{"line":133,"column":54}},"52":{"start":{"line":136,"column":2},"end":{"line":164,"column":9}},"53":{"start":{"line":138,"column":4},"end":{"line":155,"column":5}},"54":{"start":{"line":139,"column":6},"end":{"line":139,"column":61}},"55":{"start":{"line":142,"column":6},"end":{"line":154,"column":11}},"56":{"start":{"line":144,"column":10},"end":{"line":146,"column":11}},"57":{"start":{"line":145,"column":12},"end":{"line":145,"column":70}},"58":{"start":{"line":147,"column":72},"end":{"line":147,"column":93}},"59":{"start":{"line":148,"column":10},"end":{"line":148,"column":45}},"60":{"start":{"line":151,"column":10},"end":{"line":151,"column":73}},"61":{"start":{"line":153,"column":10},"end":{"line":153,"column":36}},"62":{"start":{"line":158,"column":38},"end":{"line":158,"column":42}},"63":{"start":{"line":159,"column":4},"end":{"line":163,"column":5}},"64":{"start":{"line":160,"column":6},"end":{"line":162,"column":15}},"65":{"start":{"line":161,"column":8},"end":{"line":161,"column":34}},"66":{"start":{"line":167,"column":34},"end":{"line":182,"column":3}},"67":{"start":{"line":168,"column":4},"end":{"line":181,"column":9}},"68":{"start":{"line":170,"column":8},"end":{"line":172,"column":9}},"69":{"start":{"line":171,"column":10},"end":{"line":171,"column":68}},"70":{"start":{"line":173,"column":70},"end":{"line":173,"column":91}},"71":{"start":{"line":174,"column":8},"end":{"line":174,"column":43}},"72":{"start":{"line":177,"column":8},"end":{"line":180,"column":11}},"73":{"start":{"line":184,"column":23},"end":{"line":206,"column":8}},"74":{"start":{"line":185,"column":4},"end":{"line":187,"column":5}},"75":{"start":{"line":186,"column":6},"end":{"line":186,"column":13}},"76":{"start":{"line":189,"column":4},"end":{"line":205,"column":9}},"77":{"start":{"line":191,"column":8},"end":{"line":193,"column":9}},"78":{"start":{"line":192,"column":10},"end":{"line":192,"column":68}},"79":{"start":{"line":194,"column":8},"end":{"line":194,"column":31}},"80":{"start":{"line":197,"column":8},"end":{"line":197,"column":36}},"81":{"start":{"line":198,"column":8},"end":{"line":198,"column":85}},"82":{"start":{"line":201,"column":8},"end":{"line":204,"column":11}},"83":{"start":{"line":208,"column":19},"end":{"line":240,"column":8}},"84":{"start":{"line":209,"column":4},"end":{"line":212,"column":7}},"85":{"start":{"line":214,"column":4},"end":{"line":214,"column":30}},"86":{"start":{"line":216,"column":4},"end":{"line":219,"column":5}},"87":{"start":{"line":217,"column":6},"end":{"line":217,"column":31}},"88":{"start":{"line":218,"column":6},"end":{"line":218,"column":13}},"89":{"start":{"line":221,"column":41},"end":{"line":224,"column":6}},"90":{"start":{"line":226,"column":4},"end":{"line":239,"column":9}},"91":{"start":{"line":228,"column":8},"end":{"line":230,"column":9}},"92":{"start":{"line":229,"column":10},"end":{"line":229,"column":68}},"93":{"start":{"line":231,"column":56},"end":{"line":231,"column":77}},"94":{"start":{"line":232,"column":8},"end":{"line":232,"column":43}},"95":{"start":{"line":235,"column":8},"end":{"line":238,"column":11}},"96":{"start":{"line":242,"column":18},"end":{"line":254,"column":8}},"97":{"start":{"line":243,"column":24},"end":{"line":243,"column":43}},"98":{"start":{"line":245,"column":4},"end":{"line":249,"column":7}},"99":{"start":{"line":251,"column":4},"end":{"line":253,"column":5}},"100":{"start":{"line":252,"column":6},"end":{"line":252,"column":47}},"101":{"start":{"line":256,"column":21},"end":{"line":285,"column":8}},"102":{"start":{"line":257,"column":25},"end":{"line":257,"column":49}},"103":{"start":{"line":259,"column":4},"end":{"line":282,"column":5}},"104":{"start":{"line":261,"column":32},"end":{"line":266,"column":7}},"105":{"start":{"line":267,"column":6},"end":{"line":267,"column":35}},"106":{"start":{"line":269,"column":6},"end":{"line":273,"column":9}},"107":{"start":{"line":275,"column":6},"end":{"line":275,"column":29}},"108":{"start":{"line":277,"column":6},"end":{"line":281,"column":9}},"109":{"start":{"line":284,"column":4},"end":{"line":284,"column":35}},"110":{"start":{"line":287,"column":23},"end":{"line":297,"column":8}},"111":{"start":{"line":288,"column":25},"end":{"line":288,"column":49}},"112":{"start":{"line":289,"column":4},"end":{"line":289,"column":30}},"113":{"start":{"line":290,"column":4},"end":{"line":290,"column":35}},"114":{"start":{"line":292,"column":4},"end":{"line":296,"column":7}},"115":{"start":{"line":299,"column":2},"end":{"line":384,"column":4}},"116":{"start":{"line":310,"column":14},"end":{"line":319,"column":67}},"117":{"start":{"line":317,"column":31},"end":{"line":317,"column":59}},"118":{"start":{"line":318,"column":34},"end":{"line":318,"column":52}},"119":{"start":{"line":328,"column":12},"end":{"line":356,"column":62}},"120":{"start":{"line":336,"column":33},"end":{"line":336,"column":62}},"121":{"start":{"line":337,"column":36},"end":{"line":348,"column":18}},"122":{"start":{"line":338,"column":18},"end":{"line":340,"column":19}},"123":{"start":{"line":339,"column":20},"end":{"line":339,"column":78}},"124":{"start":{"line":341,"column":18},"end":{"line":341,"column":47}},"125":{"start":{"line":343,"column":18},"end":{"line":346,"column":21}},"126":{"start":{"line":347,"column":18},"end":{"line":347,"column":41}},"127":{"start":{"line":350,"column":16},"end":{"line":353,"column":17}},"128":{"start":{"line":351,"column":34},"end":{"line":351,"column":64}},"129":{"start":{"line":352,"column":18},"end":{"line":352,"column":40}},"130":{"start":{"line":355,"column":32},"end":{"line":355,"column":59}},"131":{"start":{"line":363,"column":8},"end":{"line":371,"column":52}},"132":{"start":{"line":370,"column":25},"end":{"line":370,"column":53}},"133":{"start":{"line":371,"column":28},"end":{"line":371,"column":48}}},"fnMap":{"0":{"name":"(anonymous_0)","decl":{"start":{"line":55,"column":23},"end":{"line":55,"column":24}},"loc":{"start":{"line":55,"column":29},"end":{"line":55,"column":62}},"line":55},"1":{"name":"(anonymous_1)","decl":{"start":{"line":58,"column":24},"end":{"line":58,"column":25}},"loc":{"start":{"line":58,"column":63},"end":{"line":91,"column":1}},"line":58},"2":{"name":"(anonymous_2)","decl":{"start":{"line":60,"column":12},"end":{"line":60,"column":13}},"loc":{"start":{"line":60,"column":18},"end":{"line":79,"column":3}},"line":60},"3":{"name":"(anonymous_3)","decl":{"start":{"line":68,"column":30},"end":{"line":68,"column":31}},"loc":{"start":{"line":68,"column":47},"end":{"line":70,"column":11}},"line":68},"4":{"name":"(anonymous_4)","decl":{"start":{"line":82,"column":9},"end":{"line":82,"column":10}},"loc":{"start":{"line":82,"column":15},"end":{"line":88,"column":3}},"line":82},"5":{"name":"(anonymous_5)","decl":{"start":{"line":94,"column":17},"end":{"line":94,"column":18}},"loc":{"start":{"line":94,"column":122},"end":{"line":126,"column":1}},"line":94},"6":{"name":"(anonymous_6)","decl":{"start":{"line":99,"column":12},"end":{"line":99,"column":13}},"loc":{"start":{"line":99,"column":18},"end":{"line":123,"column":3}},"line":99},"7":{"name":"(anonymous_7)","decl":{"start":{"line":100,"column":22},"end":{"line":100,"column":23}},"loc":{"start":{"line":100,"column":34},"end":{"line":118,"column":5}},"line":100},"8":{"name":"(anonymous_8)","decl":{"start":{"line":128,"column":19},"end":{"line":128,"column":20}},"loc":{"start":{"line":128,"column":38},"end":{"line":385,"column":1}},"line":128},"9":{"name":"(anonymous_9)","decl":{"start":{"line":136,"column":12},"end":{"line":136,"column":13}},"loc":{"start":{"line":136,"column":18},"end":{"line":164,"column":3}},"line":136},"10":{"name":"(anonymous_10)","decl":{"start":{"line":143,"column":14},"end":{"line":143,"column":15}},"loc":{"start":{"line":143,"column":44},"end":{"line":149,"column":9}},"line":143},"11":{"name":"(anonymous_11)","decl":{"start":{"line":150,"column":15},"end":{"line":150,"column":16}},"loc":{"start":{"line":150,"column":31},"end":{"line":154,"column":9}},"line":150},"12":{"name":"(anonymous_12)","decl":{"start":{"line":160,"column":17},"end":{"line":160,"column":18}},"loc":{"start":{"line":160,"column":23},"end":{"line":162,"column":7}},"line":160},"13":{"name":"(anonymous_13)","decl":{"start":{"line":167,"column":34},"end":{"line":167,"column":35}},"loc":{"start":{"line":167,"column":40},"end":{"line":182,"column":3}},"line":167},"14":{"name":"(anonymous_14)","decl":{"start":{"line":169,"column":12},"end":{"line":169,"column":13}},"loc":{"start":{"line":169,"column":42},"end":{"line":175,"column":7}},"line":169},"15":{"name":"(anonymous_15)","decl":{"start":{"line":176,"column":13},"end":{"line":176,"column":14}},"loc":{"start":{"line":176,"column":29},"end":{"line":181,"column":7}},"line":176},"16":{"name":"(anonymous_16)","decl":{"start":{"line":184,"column":35},"end":{"line":184,"column":36}},"loc":{"start":{"line":184,"column":78},"end":{"line":206,"column":3}},"line":184},"17":{"name":"(anonymous_17)","decl":{"start":{"line":190,"column":12},"end":{"line":190,"column":13}},"loc":{"start":{"line":190,"column":26},"end":{"line":195,"column":7}},"line":190},"18":{"name":"(anonymous_18)","decl":{"start":{"line":196,"column":12},"end":{"line":196,"column":13}},"loc":{"start":{"line":196,"column":45},"end":{"line":199,"column":7}},"line":196},"19":{"name":"(anonymous_19)","decl":{"start":{"line":200,"column":13},"end":{"line":200,"column":14}},"loc":{"start":{"line":200,"column":29},"end":{"line":205,"column":7}},"line":200},"20":{"name":"(anonymous_20)","decl":{"start":{"line":208,"column":31},"end":{"line":208,"column":32}},"loc":{"start":{"line":208,"column":94},"end":{"line":240,"column":3}},"line":208},"21":{"name":"(anonymous_21)","decl":{"start":{"line":227,"column":12},"end":{"line":227,"column":13}},"loc":{"start":{"line":227,"column":42},"end":{"line":233,"column":7}},"line":227},"22":{"name":"(anonymous_22)","decl":{"start":{"line":234,"column":13},"end":{"line":234,"column":14}},"loc":{"start":{"line":234,"column":29},"end":{"line":239,"column":7}},"line":234},"23":{"name":"(anonymous_23)","decl":{"start":{"line":242,"column":30},"end":{"line":242,"column":31}},"loc":{"start":{"line":242,"column":51},"end":{"line":254,"column":3}},"line":242},"24":{"name":"(anonymous_24)","decl":{"start":{"line":256,"column":33},"end":{"line":256,"column":34}},"loc":{"start":{"line":256,"column":59},"end":{"line":285,"column":3}},"line":256},"25":{"name":"(anonymous_25)","decl":{"start":{"line":287,"column":35},"end":{"line":287,"column":36}},"loc":{"start":{"line":287,"column":52},"end":{"line":297,"column":3}},"line":287},"26":{"name":"(anonymous_26)","decl":{"start":{"line":309,"column":37},"end":{"line":309,"column":38}},"loc":{"start":{"line":310,"column":14},"end":{"line":319,"column":67}},"line":310},"27":{"name":"(anonymous_27)","decl":{"start":{"line":317,"column":25},"end":{"line":317,"column":26}},"loc":{"start":{"line":317,"column":31},"end":{"line":317,"column":59}},"line":317},"28":{"name":"(anonymous_28)","decl":{"start":{"line":318,"column":28},"end":{"line":318,"column":29}},"loc":{"start":{"line":318,"column":34},"end":{"line":318,"column":52}},"line":318},"29":{"name":"(anonymous_29)","decl":{"start":{"line":327,"column":52},"end":{"line":327,"column":53}},"loc":{"start":{"line":328,"column":12},"end":{"line":356,"column":62}},"line":328},"30":{"name":"(anonymous_30)","decl":{"start":{"line":335,"column":23},"end":{"line":335,"column":24}},"loc":{"start":{"line":335,"column":35},"end":{"line":354,"column":15}},"line":335},"31":{"name":"(anonymous_31)","decl":{"start":{"line":337,"column":87},"end":{"line":337,"column":88}},"loc":{"start":{"line":337,"column":117},"end":{"line":342,"column":17}},"line":337},"32":{"name":"(anonymous_32)","decl":{"start":{"line":342,"column":25},"end":{"line":342,"column":26}},"loc":{"start":{"line":342,"column":41},"end":{"line":348,"column":17}},"line":342},"33":{"name":"(anonymous_33)","decl":{"start":{"line":355,"column":26},"end":{"line":355,"column":27}},"loc":{"start":{"line":355,"column":32},"end":{"line":355,"column":59}},"line":355},"34":{"name":"(anonymous_34)","decl":{"start":{"line":362,"column":23},"end":{"line":362,"column":24}},"loc":{"start":{"line":363,"column":8},"end":{"line":371,"column":52}},"line":363},"35":{"name":"(anonymous_35)","decl":{"start":{"line":370,"column":19},"end":{"line":370,"column":20}},"loc":{"start":{"line":370,"column":25},"end":{"line":370,"column":53}},"line":370},"36":{"name":"(anonymous_36)","decl":{"start":{"line":371,"column":22},"end":{"line":371,"column":23}},"loc":{"start":{"line":371,"column":28},"end":{"line":371,"column":48}},"line":371}},"branchMap":{"0":{"loc":{"start":{"line":49,"column":13},"end":{"line":49,"column":68}},"type":"binary-expr","locations":[{"start":{"line":49,"column":13},"end":{"line":49,"column":60}},{"start":{"line":49,"column":64},"end":{"line":49,"column":68}}],"line":49},"1":{"loc":{"start":{"line":62,"column":4},"end":{"line":78,"column":5}},"type":"if","locations":[{"start":{"line":62,"column":4},"end":{"line":78,"column":5}},{"start":{},"end":{}}],"line":62},"2":{"loc":{"start":{"line":65,"column":8},"end":{"line":74,"column":9}},"type":"if","locations":[{"start":{"line":65,"column":8},"end":{"line":74,"column":9}},{"start":{"line":72,"column":15},"end":{"line":74,"column":9}}],"line":65},"3":{"loc":{"start":{"line":83,"column":4},"end":{"line":87,"column":5}},"type":"if","locations":[{"start":{"line":83,"column":4},"end":{"line":87,"column":5}},{"start":{"line":85,"column":11},"end":{"line":87,"column":5}}],"line":83},"4":{"loc":{"start":{"line":104,"column":8},"end":{"line":106,"column":9}},"type":"if","locations":[{"start":{"line":104,"column":8},"end":{"line":106,"column":9}},{"start":{},"end":{}}],"line":104},"5":{"loc":{"start":{"line":120,"column":4},"end":{"line":122,"column":5}},"type":"if","locations":[{"start":{"line":120,"column":4},"end":{"line":122,"column":5}},{"start":{},"end":{}}],"line":120},"6":{"loc":{"start":{"line":138,"column":4},"end":{"line":155,"column":5}},"type":"if","locations":[{"start":{"line":138,"column":4},"end":{"line":155,"column":5}},{"start":{"line":140,"column":11},"end":{"line":155,"column":5}}],"line":138},"7":{"loc":{"start":{"line":138,"column":8},"end":{"line":138,"column":104}},"type":"binary-expr","locations":[{"start":{"line":138,"column":8},"end":{"line":138,"column":32}},{"start":{"line":138,"column":36},"end":{"line":138,"column":65}},{"start":{"line":138,"column":69},"end":{"line":138,"column":104}}],"line":138},"8":{"loc":{"start":{"line":144,"column":10},"end":{"line":146,"column":11}},"type":"if","locations":[{"start":{"line":144,"column":10},"end":{"line":146,"column":11}},{"start":{},"end":{}}],"line":144},"9":{"loc":{"start":{"line":159,"column":4},"end":{"line":163,"column":5}},"type":"if","locations":[{"start":{"line":159,"column":4},"end":{"line":163,"column":5}},{"start":{},"end":{}}],"line":159},"10":{"loc":{"start":{"line":170,"column":8},"end":{"line":172,"column":9}},"type":"if","locations":[{"start":{"line":170,"column":8},"end":{"line":172,"column":9}},{"start":{},"end":{}}],"line":170},"11":{"loc":{"start":{"line":185,"column":4},"end":{"line":187,"column":5}},"type":"if","locations":[{"start":{"line":185,"column":4},"end":{"line":187,"column":5}},{"start":{},"end":{}}],"line":185},"12":{"loc":{"start":{"line":191,"column":8},"end":{"line":193,"column":9}},"type":"if","locations":[{"start":{"line":191,"column":8},"end":{"line":193,"column":9}},{"start":{},"end":{}}],"line":191},"13":{"loc":{"start":{"line":196,"column":22},"end":{"line":196,"column":38}},"type":"default-arg","locations":[{"start":{"line":196,"column":36},"end":{"line":196,"column":38}}],"line":196},"14":{"loc":{"start":{"line":208,"column":53},"end":{"line":208,"column":89}},"type":"default-arg","locations":[{"start":{"line":208,"column":69},"end":{"line":208,"column":89}}],"line":208},"15":{"loc":{"start":{"line":216,"column":4},"end":{"line":219,"column":5}},"type":"if","locations":[{"start":{"line":216,"column":4},"end":{"line":219,"column":5}},{"start":{},"end":{}}],"line":216},"16":{"loc":{"start":{"line":216,"column":8},"end":{"line":216,"column":43}},"type":"binary-expr","locations":[{"start":{"line":216,"column":8},"end":{"line":216,"column":20}},{"start":{"line":216,"column":24},"end":{"line":216,"column":43}}],"line":216},"17":{"loc":{"start":{"line":228,"column":8},"end":{"line":230,"column":9}},"type":"if","locations":[{"start":{"line":228,"column":8},"end":{"line":230,"column":9}},{"start":{},"end":{}}],"line":228},"18":{"loc":{"start":{"line":251,"column":4},"end":{"line":253,"column":5}},"type":"if","locations":[{"start":{"line":251,"column":4},"end":{"line":253,"column":5}},{"start":{},"end":{}}],"line":251},"19":{"loc":{"start":{"line":259,"column":4},"end":{"line":282,"column":5}},"type":"if","locations":[{"start":{"line":259,"column":4},"end":{"line":282,"column":5}},{"start":{"line":274,"column":11},"end":{"line":282,"column":5}}],"line":259},"20":{"loc":{"start":{"line":305,"column":8},"end":{"line":322,"column":26}},"type":"cond-expr","locations":[{"start":{"line":306,"column":8},"end":{"line":322,"column":19}},{"start":{"line":322,"column":22},"end":{"line":322,"column":26}}],"line":305},"21":{"loc":{"start":{"line":327,"column":11},"end":{"line":357,"column":12}},"type":"binary-expr","locations":[{"start":{"line":327,"column":11},"end":{"line":327,"column":27}},{"start":{"line":327,"column":31},"end":{"line":357,"column":12}}],"line":327},"22":{"loc":{"start":{"line":338,"column":18},"end":{"line":340,"column":19}},"type":"if","locations":[{"start":{"line":338,"column":18},"end":{"line":340,"column":19}},{"start":{},"end":{}}],"line":338},"23":{"loc":{"start":{"line":350,"column":16},"end":{"line":353,"column":17}},"type":"if","locations":[{"start":{"line":350,"column":16},"end":{"line":353,"column":17}},{"start":{},"end":{}}],"line":350}},"s":{"0":1,"1":1,"2":1,"3":1,"4":1,"5":1,"6":1,"7":1,"8":1,"9":1,"10":4,"11":1,"12":18,"13":6,"14":6,"15":6,"16":6,"17":6,"18":3,"19":3,"20":0,"21":3,"22":3,"23":0,"24":18,"25":42,"26":21,"27":21,"28":18,"29":1,"30":0,"31":0,"32":0,"33":0,"34":0,"35":0,"36":0,"37":0,"38":0,"39":0,"40":0,"41":0,"42":0,"43":0,"44":0,"45":0,"46":0,"47":0,"48":1,"49":9,"50":9,"51":9,"52":9,"53":3,"54":0,"55":3,"56":3,"57":0,"58":3,"59":3,"60":0,"61":0,"62":3,"63":3,"64":3,"65":0,"66":9,"67":0,"68":0,"69":0,"70":0,"71":0,"72":0,"73":9,"74":0,"75":0,"76":0,"77":0,"78":0,"79":0,"80":0,"81":0,"82":0,"83":9,"84":1,"85":1,"86":1,"87":0,"88":0,"89":1,"90":1,"91":1,"92":0,"93":1,"94":1,"95":0,"96":9,"97":0,"98":0,"99":0,"100":0,"101":9,"102":0,"103":0,"104":0,"105":0,"106":0,"107":0,"108":0,"109":0,"110":9,"111":0,"112":0,"113":0,"114":0,"115":9,"116":1,"117":0,"118":0,"119":7,"120":0,"121":0,"122":0,"123":0,"124":0,"125":0,"126":0,"127":0,"128":0,"129":0,"130":0,"131":0,"132":0,"133":0},"f":{"0":4,"1":18,"2":6,"3":0,"4":42,"5":0,"6":0,"7":0,"8":9,"9":3,"10":3,"11":0,"12":0,"13":0,"14":0,"15":0,"16":0,"17":0,"18":0,"19":0,"20":1,"21":1,"22":0,"23":0,"24":0,"25":0,"26":1,"27":0,"28":0,"29":7,"30":0,"31":0,"32":0,"33":0,"34":0,"35":0,"36":0},"b":{"0":[1,1],"1":[6,0],"2":[3,3],"3":[21,21],"4":[0,0],"5":[0,0],"6":[0,3],"7":[3,0,0],"8":[0,3],"9":[3,0],"10":[0,0],"11":[0,0],"12":[0,0],"13":[0],"14":[1],"15":[0,1],"16":[1,1],"17":[0,1],"18":[0,0],"19":[0,0],"20":[1,8],"21":[9,9],"22":[0,0],"23":[0,0]},"_coverageSchema":"1a1c01bbd47fc00a2c39e90264f33305004495a9","hash":"c4d9c8445b45349125f63010bcb5e09767f0984b"},"/home/runner/work/podr/podr/src/index.tsx":{"path":"/home/runner/work/podr/podr/src/index.tsx","statementMap":{"0":{"start":{"line":1,"column":0},"end":{"line":5,"column":1}},"1":{"start":{"line":2,"column":2},"end":{"line":2,"column":26}},"2":{"start":{"line":4,"column":2},"end":{"line":4,"column":29}},"3":{"start":{"line":14,"column":35},"end":{"line":14,"column":66}},"4":{"start":{"line":16,"column":0},"end":{"line":23,"column":1}},"5":{"start":{"line":17,"column":2},"end":{"line":22,"column":4}}},"fnMap":{},"branchMap":{"0":{"loc":{"start":{"line":1,"column":0},"end":{"line":5,"column":1}},"type":"if","locations":[{"start":{"line":1,"column":0},"end":{"line":5,"column":1}},{"start":{"line":3,"column":7},"end":{"line":5,"column":1}}],"line":1},"1":{"loc":{"start":{"line":16,"column":0},"end":{"line":23,"column":1}},"type":"if","locations":[{"start":{"line":16,"column":0},"end":{"line":23,"column":1}},{"start":{},"end":{}}],"line":16},"2":{"loc":{"start":{"line":16,"column":4},"end":{"line":16,"column":43}},"type":"binary-expr","locations":[{"start":{"line":16,"column":4},"end":{"line":16,"column":33}},{"start":{"line":16,"column":37},"end":{"line":16,"column":43}}],"line":16}},"s":{"0":0,"1":0,"2":0,"3":0,"4":0,"5":0},"f":{},"b":{"0":[0,0],"1":[0,0],"2":[0,0]}},"/home/runner/work/podr/podr/src/utils/AppContext.tsx":{"path":"/home/runner/work/podr/podr/src/utils/AppContext.tsx","statementMap":{"0":{"start":{"line":37,"column":39},"end":{"line":43,"column":1}},"1":{"start":{"line":46,"column":26},"end":{"line":46,"column":71}},"2":{"start":{"line":49,"column":25},"end":{"line":54,"column":1}}},"fnMap":{},"branchMap":{},"s":{"0":0,"1":0,"2":0},"f":{},"b":{}},"/home/runner/work/podr/podr/src/ui/App.tsx":{"path":"/home/runner/work/podr/podr/src/ui/App.tsx","statementMap":{"0":{"start":{"line":45,"column":66},"end":{"line":45,"column":77}},"1":{"start":{"line":46,"column":50},"end":{"line":46,"column":66}},"2":{"start":{"line":49,"column":41},"end":{"line":49,"column":88}},"3":{"start":{"line":50,"column":52},"end":{"line":50,"column":64}},"4":{"start":{"line":51,"column":54},"end":{"line":51,"column":68}},"5":{"start":{"line":52,"column":49},"end":{"line":52,"column":51}},"6":{"start":{"line":55,"column":4},"end":{"line":55,"column":42}},"7":{"start":{"line":59,"column":4},"end":{"line":59,"column":12}},"8":{"start":{"line":61,"column":4},"end":{"line":63,"column":7}},"9":{"start":{"line":62,"column":6},"end":{"line":62,"column":30}},"10":{"start":{"line":65,"column":4},"end":{"line":69,"column":6}},"11":{"start":{"line":71,"column":4},"end":{"line":82,"column":7}},"12":{"start":{"line":72,"column":68},"end":{"line":72,"column":89}},"13":{"start":{"line":74,"column":6},"end":{"line":76,"column":9}},"14":{"start":{"line":78,"column":6},"end":{"line":81,"column":9}},"15":{"start":{"line":84,"column":4},"end":{"line":84,"column":24}},"16":{"start":{"line":87,"column":21},"end":{"line":114,"column":3}},"17":{"start":{"line":88,"column":4},"end":{"line":91,"column":7}},"18":{"start":{"line":93,"column":4},"end":{"line":97,"column":5}},"19":{"start":{"line":94,"column":6},"end":{"line":96,"column":9}},"20":{"start":{"line":99,"column":41},"end":{"line":99,"column":105}},"21":{"start":{"line":101,"column":4},"end":{"line":113,"column":7}},"22":{"start":{"line":102,"column":54},"end":{"line":102,"column":75}},"23":{"start":{"line":104,"column":6},"end":{"line":107,"column":9}},"24":{"start":{"line":109,"column":6},"end":{"line":112,"column":9}},"25":{"start":{"line":117,"column":56},"end":{"line":117,"column":61}},"26":{"start":{"line":119,"column":4},"end":{"line":201,"column":6}},"27":{"start":{"line":130,"column":16},"end":{"line":139,"column":69}},"28":{"start":{"line":137,"column":33},"end":{"line":137,"column":66}},"29":{"start":{"line":138,"column":36},"end":{"line":138,"column":59}},"30":{"start":{"line":148,"column":14},"end":{"line":173,"column":64}},"31":{"start":{"line":156,"column":35},"end":{"line":156,"column":64}},"32":{"start":{"line":157,"column":38},"end":{"line":165,"column":20}},"33":{"start":{"line":158,"column":20},"end":{"line":158,"column":49}},"34":{"start":{"line":160,"column":20},"end":{"line":163,"column":23}},"35":{"start":{"line":164,"column":20},"end":{"line":164,"column":43}},"36":{"start":{"line":167,"column":18},"end":{"line":170,"column":19}},"37":{"start":{"line":168,"column":36},"end":{"line":168,"column":66}},"38":{"start":{"line":169,"column":20},"end":{"line":169,"column":47}},"39":{"start":{"line":172,"column":34},"end":{"line":172,"column":66}},"40":{"start":{"line":180,"column":10},"end":{"line":188,"column":59}},"41":{"start":{"line":187,"column":27},"end":{"line":187,"column":60}},"42":{"start":{"line":188,"column":30},"end":{"line":188,"column":55}},"43":{"start":{"line":205,"column":4},"end":{"line":207,"column":5}},"44":{"start":{"line":206,"column":6},"end":{"line":206,"column":13}},"45":{"start":{"line":209,"column":4},"end":{"line":228,"column":9}},"46":{"start":{"line":211,"column":8},"end":{"line":213,"column":9}},"47":{"start":{"line":212,"column":10},"end":{"line":212,"column":68}},"48":{"start":{"line":214,"column":8},"end":{"line":214,"column":31}},"49":{"start":{"line":217,"column":8},"end":{"line":217,"column":85}},"50":{"start":{"line":219,"column":8},"end":{"line":221,"column":11}},"51":{"start":{"line":224,"column":8},"end":{"line":227,"column":11}},"52":{"start":{"line":231,"column":20},"end":{"line":243,"column":3}},"53":{"start":{"line":232,"column":24},"end":{"line":232,"column":43}},"54":{"start":{"line":234,"column":4},"end":{"line":238,"column":7}},"55":{"start":{"line":240,"column":4},"end":{"line":242,"column":5}},"56":{"start":{"line":241,"column":6},"end":{"line":241,"column":51}},"57":{"start":{"line":245,"column":23},"end":{"line":276,"column":3}},"58":{"start":{"line":246,"column":4},"end":{"line":269,"column":5}},"59":{"start":{"line":248,"column":32},"end":{"line":253,"column":7}},"60":{"start":{"line":254,"column":6},"end":{"line":254,"column":36}},"61":{"start":{"line":256,"column":6},"end":{"line":260,"column":9}},"62":{"start":{"line":262,"column":6},"end":{"line":262,"column":30}},"63":{"start":{"line":264,"column":6},"end":{"line":268,"column":9}},"64":{"start":{"line":271,"column":4},"end":{"line":273,"column":7}},"65":{"start":{"line":275,"column":4},"end":{"line":275,"column":32}},"66":{"start":{"line":278,"column":25},"end":{"line":292,"column":3}},"67":{"start":{"line":279,"column":4},"end":{"line":279,"column":31}},"68":{"start":{"line":281,"column":4},"end":{"line":285,"column":7}},"69":{"start":{"line":287,"column":4},"end":{"line":289,"column":7}},"70":{"start":{"line":291,"column":4},"end":{"line":291,"column":32}},"71":{"start":{"line":294,"column":33},"end":{"line":296,"column":3}},"72":{"start":{"line":295,"column":4},"end":{"line":295,"column":82}}},"fnMap":{"0":{"name":"(anonymous_0)","decl":{"start":{"line":54,"column":2},"end":{"line":54,"column":3}},"loc":{"start":{"line":54,"column":31},"end":{"line":56,"column":3}},"line":54},"1":{"name":"(anonymous_1)","decl":{"start":{"line":58,"column":2},"end":{"line":58,"column":3}},"loc":{"start":{"line":58,"column":23},"end":{"line":85,"column":3}},"line":58},"2":{"name":"(anonymous_2)","decl":{"start":{"line":61,"column":82},"end":{"line":61,"column":83}},"loc":{"start":{"line":61,"column":99},"end":{"line":63,"column":5}},"line":61},"3":{"name":"(anonymous_3)","decl":{"start":{"line":71,"column":62},"end":{"line":71,"column":63}},"loc":{"start":{"line":71,"column":92},"end":{"line":77,"column":5}},"line":71},"4":{"name":"(anonymous_4)","decl":{"start":{"line":77,"column":13},"end":{"line":77,"column":14}},"loc":{"start":{"line":77,"column":29},"end":{"line":82,"column":5}},"line":77},"5":{"name":"(anonymous_5)","decl":{"start":{"line":87,"column":21},"end":{"line":87,"column":22}},"loc":{"start":{"line":87,"column":82},"end":{"line":114,"column":3}},"line":87},"6":{"name":"(anonymous_6)","decl":{"start":{"line":101,"column":65},"end":{"line":101,"column":66}},"loc":{"start":{"line":101,"column":95},"end":{"line":108,"column":5}},"line":101},"7":{"name":"(anonymous_7)","decl":{"start":{"line":108,"column":13},"end":{"line":108,"column":14}},"loc":{"start":{"line":108,"column":29},"end":{"line":113,"column":5}},"line":108},"8":{"name":"(anonymous_8)","decl":{"start":{"line":116,"column":2},"end":{"line":116,"column":3}},"loc":{"start":{"line":116,"column":54},"end":{"line":202,"column":3}},"line":116},"9":{"name":"(anonymous_9)","decl":{"start":{"line":129,"column":33},"end":{"line":129,"column":34}},"loc":{"start":{"line":130,"column":16},"end":{"line":139,"column":69}},"line":130},"10":{"name":"(anonymous_10)","decl":{"start":{"line":137,"column":27},"end":{"line":137,"column":28}},"loc":{"start":{"line":137,"column":33},"end":{"line":137,"column":66}},"line":137},"11":{"name":"(anonymous_11)","decl":{"start":{"line":138,"column":30},"end":{"line":138,"column":31}},"loc":{"start":{"line":138,"column":36},"end":{"line":138,"column":59}},"line":138},"12":{"name":"(anonymous_12)","decl":{"start":{"line":147,"column":64},"end":{"line":147,"column":65}},"loc":{"start":{"line":148,"column":14},"end":{"line":173,"column":64}},"line":148},"13":{"name":"(anonymous_13)","decl":{"start":{"line":155,"column":25},"end":{"line":155,"column":26}},"loc":{"start":{"line":155,"column":37},"end":{"line":171,"column":17}},"line":155},"14":{"name":"(anonymous_14)","decl":{"start":{"line":157,"column":93},"end":{"line":157,"column":94}},"loc":{"start":{"line":157,"column":123},"end":{"line":159,"column":19}},"line":157},"15":{"name":"(anonymous_15)","decl":{"start":{"line":159,"column":27},"end":{"line":159,"column":28}},"loc":{"start":{"line":159,"column":43},"end":{"line":165,"column":19}},"line":159},"16":{"name":"(anonymous_16)","decl":{"start":{"line":172,"column":28},"end":{"line":172,"column":29}},"loc":{"start":{"line":172,"column":34},"end":{"line":172,"column":66}},"line":172},"17":{"name":"(anonymous_17)","decl":{"start":{"line":179,"column":19},"end":{"line":179,"column":20}},"loc":{"start":{"line":180,"column":10},"end":{"line":188,"column":59}},"line":180},"18":{"name":"(anonymous_18)","decl":{"start":{"line":187,"column":21},"end":{"line":187,"column":22}},"loc":{"start":{"line":187,"column":27},"end":{"line":187,"column":60}},"line":187},"19":{"name":"(anonymous_19)","decl":{"start":{"line":188,"column":24},"end":{"line":188,"column":25}},"loc":{"start":{"line":188,"column":30},"end":{"line":188,"column":55}},"line":188},"20":{"name":"(anonymous_20)","decl":{"start":{"line":204,"column":2},"end":{"line":204,"column":3}},"loc":{"start":{"line":204,"column":62},"end":{"line":229,"column":3}},"line":204},"21":{"name":"(anonymous_21)","decl":{"start":{"line":210,"column":12},"end":{"line":210,"column":13}},"loc":{"start":{"line":210,"column":26},"end":{"line":215,"column":7}},"line":210},"22":{"name":"(anonymous_22)","decl":{"start":{"line":216,"column":12},"end":{"line":216,"column":13}},"loc":{"start":{"line":216,"column":41},"end":{"line":222,"column":7}},"line":216},"23":{"name":"(anonymous_23)","decl":{"start":{"line":223,"column":13},"end":{"line":223,"column":14}},"loc":{"start":{"line":223,"column":29},"end":{"line":228,"column":7}},"line":223},"24":{"name":"(anonymous_24)","decl":{"start":{"line":231,"column":20},"end":{"line":231,"column":21}},"loc":{"start":{"line":231,"column":41},"end":{"line":243,"column":3}},"line":231},"25":{"name":"(anonymous_25)","decl":{"start":{"line":245,"column":23},"end":{"line":245,"column":24}},"loc":{"start":{"line":245,"column":49},"end":{"line":276,"column":3}},"line":245},"26":{"name":"(anonymous_26)","decl":{"start":{"line":278,"column":25},"end":{"line":278,"column":26}},"loc":{"start":{"line":278,"column":42},"end":{"line":292,"column":3}},"line":278},"27":{"name":"(anonymous_27)","decl":{"start":{"line":294,"column":33},"end":{"line":294,"column":34}},"loc":{"start":{"line":294,"column":39},"end":{"line":296,"column":3}},"line":294}},"branchMap":{"0":{"loc":{"start":{"line":61,"column":15},"end":{"line":61,"column":72}},"type":"binary-expr","locations":[{"start":{"line":61,"column":15},"end":{"line":61,"column":64}},{"start":{"line":61,"column":68},"end":{"line":61,"column":72}}],"line":61},"1":{"loc":{"start":{"line":68,"column":26},"end":{"line":68,"column":85}},"type":"binary-expr","locations":[{"start":{"line":68,"column":26},"end":{"line":68,"column":77}},{"start":{"line":68,"column":81},"end":{"line":68,"column":85}}],"line":68},"2":{"loc":{"start":{"line":87,"column":37},"end":{"line":87,"column":77}},"type":"default-arg","locations":[{"start":{"line":87,"column":53},"end":{"line":87,"column":77}}],"line":87},"3":{"loc":{"start":{"line":93,"column":4},"end":{"line":97,"column":5}},"type":"if","locations":[{"start":{"line":93,"column":4},"end":{"line":97,"column":5}},{"start":{},"end":{}}],"line":93},"4":{"loc":{"start":{"line":93,"column":8},"end":{"line":93,"column":31}},"type":"binary-expr","locations":[{"start":{"line":93,"column":8},"end":{"line":93,"column":14}},{"start":{"line":93,"column":18},"end":{"line":93,"column":31}}],"line":93},"5":{"loc":{"start":{"line":117,"column":12},"end":{"line":117,"column":22}},"type":"default-arg","locations":[{"start":{"line":117,"column":20},"end":{"line":117,"column":22}}],"line":117},"6":{"loc":{"start":{"line":117,"column":24},"end":{"line":117,"column":42}},"type":"default-arg","locations":[{"start":{"line":117,"column":40},"end":{"line":117,"column":42}}],"line":117},"7":{"loc":{"start":{"line":125,"column":10},"end":{"line":142,"column":33}},"type":"cond-expr","locations":[{"start":{"line":126,"column":10},"end":{"line":142,"column":21}},{"start":{"line":142,"column":24},"end":{"line":142,"column":33}}],"line":125},"8":{"loc":{"start":{"line":147,"column":13},"end":{"line":174,"column":14}},"type":"binary-expr","locations":[{"start":{"line":147,"column":13},"end":{"line":147,"column":34}},{"start":{"line":147,"column":38},"end":{"line":174,"column":14}}],"line":147},"9":{"loc":{"start":{"line":167,"column":18},"end":{"line":170,"column":19}},"type":"if","locations":[{"start":{"line":167,"column":18},"end":{"line":170,"column":19}},{"start":{},"end":{}}],"line":167},"10":{"loc":{"start":{"line":205,"column":4},"end":{"line":207,"column":5}},"type":"if","locations":[{"start":{"line":205,"column":4},"end":{"line":207,"column":5}},{"start":{},"end":{}}],"line":205},"11":{"loc":{"start":{"line":211,"column":8},"end":{"line":213,"column":9}},"type":"if","locations":[{"start":{"line":211,"column":8},"end":{"line":213,"column":9}},{"start":{},"end":{}}],"line":211},"12":{"loc":{"start":{"line":216,"column":22},"end":{"line":216,"column":34}},"type":"default-arg","locations":[{"start":{"line":216,"column":32},"end":{"line":216,"column":34}}],"line":216},"13":{"loc":{"start":{"line":240,"column":4},"end":{"line":242,"column":5}},"type":"if","locations":[{"start":{"line":240,"column":4},"end":{"line":242,"column":5}},{"start":{},"end":{}}],"line":240},"14":{"loc":{"start":{"line":246,"column":4},"end":{"line":269,"column":5}},"type":"if","locations":[{"start":{"line":246,"column":4},"end":{"line":269,"column":5}},{"start":{"line":261,"column":11},"end":{"line":269,"column":5}}],"line":246}},"s":{"0":0,"1":0,"2":0,"3":0,"4":0,"5":0,"6":0,"7":0,"8":0,"9":0,"10":0,"11":0,"12":0,"13":0,"14":0,"15":0,"16":0,"17":0,"18":0,"19":0,"20":0,"21":0,"22":0,"23":0,"24":0,"25":0,"26":0,"27":0,"28":0,"29":0,"30":0,"31":0,"32":0,"33":0,"34":0,"35":0,"36":0,"37":0,"38":0,"39":0,"40":0,"41":0,"42":0,"43":0,"44":0,"45":0,"46":0,"47":0,"48":0,"49":0,"50":0,"51":0,"52":0,"53":0,"54":0,"55":0,"56":0,"57":0,"58":0,"59":0,"60":0,"61":0,"62":0,"63":0,"64":0,"65":0,"66":0,"67":0,"68":0,"69":0,"70":0,"71":0,"72":0},"f":{"0":0,"1":0,"2":0,"3":0,"4":0,"5":0,"6":0,"7":0,"8":0,"9":0,"10":0,"11":0,"12":0,"13":0,"14":0,"15":0,"16":0,"17":0,"18":0,"19":0,"20":0,"21":0,"22":0,"23":0,"24":0,"25":0,"26":0,"27":0},"b":{"0":[0,0],"1":[0,0],"2":[0],"3":[0,0],"4":[0,0],"5":[0],"6":[0],"7":[0,0],"8":[0,0],"9":[0,0],"10":[0,0],"11":[0,0],"12":[0],"13":[0,0],"14":[0,0]}}}}
