{"numFailedTestSuites":0,"numFailedTests":0,"numPassedTestSuites":6,"numPassedTests":29,"numPendingTestSuites":0,"numPendingTests":0,"numRuntimeErrorTestSuites":0,"numTodoTests":0,"numTotalTestSuites":6,"numTotalTests":29,"openHandles":[],"snapshot":{"added":0,"didUpdate":false,"failure":false,"filesAdded":0,"filesRemoved":0,"filesRemovedList":[],"filesUnmatched":0,"filesUpdated":0,"matched":11,"total":11,"unchecked":0,"uncheckedKeysByFile":[],"unmatched":0,"updated":0},"startTime":1750522660636,"success":true,"testResults":[{"assertionResults":[{"ancestorTitles":["App component"],"duration":38,"failureDetails":[],"failureMessages":[],"fullName":"App component renders without crashing","invocations":1,"location":null,"numPassingAsserts":2,"retryReasons":[],"status":"passed","title":"renders without crashing"},{"ancestorTitles":["App component"],"duration":10,"failureDetails":[],"failureMessages":[],"fullName":"App component loads top podcasts on mount","invocations":1,"location":null,"numPassingAsserts":3,"retryReasons":[],"status":"passed","title":"loads top podcasts on mount"},{"ancestorTitles":["App component"],"duration":45,"failureDetails":[],"failureMessages":[],"fullName":"App component handles search functionality","invocations":1,"location":null,"numPassingAsserts":2,"retryReasons":[],"status":"passed","title":"handles search functionality"}],"endTime":1750522661920,"message":"","name":"/home/runner/work/podr/podr/src/ui/__tests__/AppFunctional.test.tsx","startTime":1750522661137,"status":"passed","summary":""},{"assertionResults":[{"ancestorTitles":["ErrorBoundary"],"duration":3,"failureDetails":[],"failureMessages":[],"fullName":"ErrorBoundary renders children when no error occurs","invocations":1,"location":null,"numPassingAsserts":2,"retryReasons":[],"status":"passed","title":"renders children when no error occurs"},{"ancestorTitles":["ErrorBoundary"],"duration":4,"failureDetails":[],"failureMessages":[],"fullName":"ErrorBoundary renders fallback UI when an error occurs","invocations":1,"location":null,"numPassingAsserts":4,"retryReasons":[],"status":"passed","title":"renders fallback UI when an error occurs"},{"ancestorTitles":["ErrorBoundary"],"duration":1,"failureDetails":[],"failureMessages":[],"fullName":"ErrorBoundary renders custom fallback when provided","invocations":1,"location":null,"numPassingAsserts":2,"retryReasons":[],"status":"passed","title":"renders custom fallback when provided"}],"endTime":1750522662071,"message":"","name":"/home/runner/work/podr/podr/src/ui/__tests__/ErrorBoundary.test.tsx","startTime":1750522661952,"status":"passed","summary":""},{"assertionResults":[{"ancestorTitles":["helpers","getSecureUrl"],"duration":1,"failureDetails":[],"failureMessages":[],"fullName":"helpers getSecureUrl should convert HTTP to HTTPS","invocations":1,"location":null,"numPassingAsserts":1,"retryReasons":[],"status":"passed","title":"should convert HTTP to HTTPS"},{"ancestorTitles":["helpers","getSecureUrl"],"duration":0,"failureDetails":[],"failureMessages":[],"fullName":"helpers getSecureUrl should leave HTTPS URLs unchanged","invocations":1,"location":null,"numPassingAsserts":1,"retryReasons":[],"status":"passed","title":"should leave HTTPS URLs unchanged"},{"ancestorTitles":["helpers","getSecureUrl"],"duration":1,"failureDetails":[],"failureMessages":[],"fullName":"helpers getSecureUrl should handle URLs with paths and query parameters","invocations":1,"location":null,"numPassingAsserts":1,"retryReasons":[],"status":"passed","title":"should handle URLs with paths and query parameters"},{"ancestorTitles":["helpers","getSecureUrl"],"duration":8,"failureDetails":[],"failureMessages":[],"fullName":"helpers getSecureUrl should throw error for empty string","invocations":1,"location":null,"numPassingAsserts":1,"retryReasons":[],"status":"passed","title":"should throw error for empty string"},{"ancestorTitles":["helpers","getSecureUrl"],"duration":1,"failureDetails":[],"failureMessages":[],"fullName":"helpers getSecureUrl should throw error for null/undefined","invocations":1,"location":null,"numPassingAsserts":2,"retryReasons":[],"status":"passed","title":"should throw error for null/undefined"},{"ancestorTitles":["helpers","getSecureUrl"],"duration":0,"failureDetails":[],"failureMessages":[],"fullName":"helpers getSecureUrl should throw error for non-string input","invocations":1,"location":null,"numPassingAsserts":1,"retryReasons":[],"status":"passed","title":"should throw error for non-string input"},{"ancestorTitles":["helpers","getFeedUrl"],"duration":1,"failureDetails":[],"failureMessages":[],"fullName":"helpers getFeedUrl should construct valid RSS feed URL with default count","invocations":1,"location":null,"numPassingAsserts":4,"retryReasons":[],"status":"passed","title":"should construct valid RSS feed URL with default count"},{"ancestorTitles":["helpers","getFeedUrl"],"duration":0,"failureDetails":[],"failureMessages":[],"fullName":"helpers getFeedUrl should construct valid RSS feed URL with custom count","invocations":1,"location":null,"numPassingAsserts":1,"retryReasons":[],"status":"passed","title":"should construct valid RSS feed URL with custom count"},{"ancestorTitles":["helpers","getFeedUrl"],"duration":1,"failureDetails":[],"failureMessages":[],"fullName":"helpers getFeedUrl should throw error for empty feed URL","invocations":1,"location":null,"numPassingAsserts":1,"retryReasons":[],"status":"passed","title":"should throw error for empty feed URL"},{"ancestorTitles":["helpers","getFeedUrl"],"duration":1,"failureDetails":[],"failureMessages":[],"fullName":"helpers getFeedUrl should throw error for null/undefined feed URL","invocations":1,"location":null,"numPassingAsserts":2,"retryReasons":[],"status":"passed","title":"should throw error for null/undefined feed URL"},{"ancestorTitles":["helpers","getFeedUrl"],"duration":0,"failureDetails":[],"failureMessages":[],"fullName":"helpers getFeedUrl should throw error for non-string feed URL","invocations":1,"location":null,"numPassingAsserts":1,"retryReasons":[],"status":"passed","title":"should throw error for non-string feed URL"},{"ancestorTitles":["helpers","getFeedUrl"],"duration":1,"failureDetails":[],"failureMessages":[],"fullName":"helpers getFeedUrl should throw error for zero maxCount","invocations":1,"location":null,"numPassingAsserts":1,"retryReasons":[],"status":"passed","title":"should throw error for zero maxCount"},{"ancestorTitles":["helpers","getFeedUrl"],"duration":1,"failureDetails":[],"failureMessages":[],"fullName":"helpers getFeedUrl should throw error for negative maxCount","invocations":1,"location":null,"numPassingAsserts":1,"retryReasons":[],"status":"passed","title":"should throw error for negative maxCount"},{"ancestorTitles":["helpers","getFeedUrl"],"duration":1,"failureDetails":[],"failureMessages":[],"fullName":"helpers getFeedUrl should throw error for non-integer maxCount","invocations":1,"location":null,"numPassingAsserts":1,"retryReasons":[],"status":"passed","title":"should throw error for non-integer maxCount"},{"ancestorTitles":["helpers","toArray"],"duration":0,"failureDetails":[],"failureMessages":[],"fullName":"helpers toArray should convert Set to array","invocations":1,"location":null,"numPassingAsserts":1,"retryReasons":[],"status":"passed","title":"should convert Set to array"},{"ancestorTitles":["helpers","toArray"],"duration":1,"failureDetails":[],"failureMessages":[],"fullName":"helpers toArray should convert Map keys to array","invocations":1,"location":null,"numPassingAsserts":1,"retryReasons":[],"status":"passed","title":"should convert Map keys to array"},{"ancestorTitles":["helpers","toArray"],"duration":0,"failureDetails":[],"failureMessages":[],"fullName":"helpers toArray should handle empty iterator","invocations":1,"location":null,"numPassingAsserts":1,"retryReasons":[],"status":"passed","title":"should handle empty iterator"}],"endTime":1750522662190,"message":"","name":"/home/runner/work/podr/podr/src/utils/__tests__/helpers.test.ts","startTime":1750522662080,"status":"passed","summary":""},{"assertionResults":[{"ancestorTitles":["List component"],"duration":21,"failureDetails":[],"failureMessages":[],"fullName":"List component renders with results","invocations":1,"location":null,"numPassingAsserts":1,"retryReasons":[],"status":"passed","title":"renders with results"},{"ancestorTitles":["List component"],"duration":6,"failureDetails":[],"failureMessages":[],"fullName":"List component renders empty state","invocations":1,"location":null,"numPassingAsserts":1,"retryReasons":[],"status":"passed","title":"renders empty state"}],"endTime":1750522662318,"message":"","name":"/home/runner/work/podr/podr/src/ui/__tests__/List.test.tsx","startTime":1750522662200,"status":"passed","summary":""},{"assertionResults":[{"ancestorTitles":["Result component"],"duration":4,"failureDetails":[],"failureMessages":[],"fullName":"Result component renders correctly","invocations":1,"location":null,"numPassingAsserts":1,"retryReasons":[],"status":"passed","title":"renders correctly"},{"ancestorTitles":["Result component"],"duration":2,"failureDetails":[],"failureMessages":[],"fullName":"Result component renders with empty duration and date","invocations":1,"location":null,"numPassingAsserts":1,"retryReasons":[],"status":"passed","title":"renders with empty duration and date"}],"endTime":1750522662424,"message":"","name":"/home/runner/work/podr/podr/src/ui/__tests__/Result.test.tsx","startTime":1750522662332,"status":"passed","summary":""},{"assertionResults":[{"ancestorTitles":["Search component"],"duration":3,"failureDetails":[],"failureMessages":[],"fullName":"Search component renders correctly","invocations":1,"location":null,"numPassingAsserts":1,"retryReasons":[],"status":"passed","title":"renders correctly"},{"ancestorTitles":["Search component"],"duration":1,"failureDetails":[],"failureMessages":[],"fullName":"Search component renders with query signal","invocations":1,"location":null,"numPassingAsserts":1,"retryReasons":[],"status":"passed","title":"renders with query signal"}],"endTime":1750522662526,"message":"","name":"/home/runner/work/podr/podr/src/ui/__tests__/Search.test.tsx","startTime":1750522662436,"status":"passed","summary":""}],"wasInterrupted":false,"coverageMap":{"/home/runner/work/podr/podr/src/ui/Result.tsx":{"path":"/home/runner/work/podr/podr/src/ui/Result.tsx","statementMap":{"0":{"start":{"line":8,"column":24},"end":{"line":16,"column":10}},"1":{"start":{"line":21,"column":28},"end":{"line":25,"column":47}},"2":{"start":{"line":33,"column":2},"end":{"line":35,"column":3}},"3":{"start":{"line":34,"column":4},"end":{"line":34,"column":45}},"4":{"start":{"line":37,"column":16},"end":{"line":37,"column":110}},"5":{"start":{"line":38,"column":18},"end":{"line":38,"column":151}},"6":{"start":{"line":39,"column":18},"end":{"line":39,"column":75}},"7":{"start":{"line":41,"column":21},"end":{"line":42,"column":83}},"8":{"start":{"line":42,"column":4},"end":{"line":42,"column":83}},"9":{"start":{"line":44,"column":2},"end":{"line":48,"column":36}},"10":{"start":{"line":57,"column":2},"end":{"line":59,"column":3}},"11":{"start":{"line":58,"column":4},"end":{"line":58,"column":26}},"12":{"start":{"line":61,"column":2},"end":{"line":70,"column":3}},"13":{"start":{"line":62,"column":17},"end":{"line":62,"column":36}},"14":{"start":{"line":63,"column":4},"end":{"line":65,"column":5}},"15":{"start":{"line":64,"column":6},"end":{"line":64,"column":28}},"16":{"start":{"line":67,"column":4},"end":{"line":67,"column":67}},"17":{"start":{"line":69,"column":4},"end":{"line":69,"column":26}},"18":{"start":{"line":104,"column":55},"end":{"line":176,"column":1}},"19":{"start":{"line":106,"column":42},"end":{"line":106,"column":48}},"20":{"start":{"line":109,"column":24},"end":{"line":111,"column":25}},"21":{"start":{"line":110,"column":6},"end":{"line":110,"column":22}},"22":{"start":{"line":114,"column":26},"end":{"line":119,"column":21}},"23":{"start":{"line":115,"column":6},"end":{"line":118,"column":7}},"24":{"start":{"line":116,"column":8},"end":{"line":116,"column":31}},"25":{"start":{"line":117,"column":8},"end":{"line":117,"column":22}},"26":{"start":{"line":122,"column":26},"end":{"line":122,"column":74}},"27":{"start":{"line":122,"column":40},"end":{"line":122,"column":62}},"28":{"start":{"line":123,"column":30},"end":{"line":123,"column":101}},"29":{"start":{"line":123,"column":44},"end":{"line":123,"column":78}},"30":{"start":{"line":126,"column":22},"end":{"line":126,"column":70}},"31":{"start":{"line":126,"column":36},"end":{"line":126,"column":60}},"32":{"start":{"line":127,"column":26},"end":{"line":127,"column":80}},"33":{"start":{"line":127,"column":40},"end":{"line":127,"column":70}},"34":{"start":{"line":129,"column":4},"end":{"line":151,"column":6}},"35":{"start":{"line":143,"column":28},"end":{"line":143,"column":47}},"36":{"start":{"line":156,"column":4},"end":{"line":158,"column":5}},"37":{"start":{"line":157,"column":6},"end":{"line":157,"column":19}},"38":{"start":{"line":161,"column":4},"end":{"line":163,"column":5}},"39":{"start":{"line":162,"column":6},"end":{"line":162,"column":19}},"40":{"start":{"line":166,"column":23},"end":{"line":166,"column":39}},"41":{"start":{"line":167,"column":23},"end":{"line":167,"column":39}},"42":{"start":{"line":169,"column":4},"end":{"line":174,"column":6}}},"fnMap":{"0":{"name":"formatDuration","decl":{"start":{"line":32,"column":9},"end":{"line":32,"column":23}},"loc":{"start":{"line":32,"column":50},"end":{"line":49,"column":1}},"line":32},"1":{"name":"(anonymous_1)","decl":{"start":{"line":41,"column":21},"end":{"line":41,"column":22}},"loc":{"start":{"line":42,"column":4},"end":{"line":42,"column":83}},"line":42},"2":{"name":"formatPubDate","decl":{"start":{"line":56,"column":9},"end":{"line":56,"column":22}},"loc":{"start":{"line":56,"column":50},"end":{"line":71,"column":1}},"line":56},"3":{"name":"(anonymous_3)","decl":{"start":{"line":105,"column":2},"end":{"line":105,"column":3}},"loc":{"start":{"line":105,"column":41},"end":{"line":152,"column":3}},"line":105},"4":{"name":"(anonymous_4)","decl":{"start":{"line":109,"column":36},"end":{"line":109,"column":37}},"loc":{"start":{"line":109,"column":42},"end":{"line":111,"column":5}},"line":109},"5":{"name":"(anonymous_5)","decl":{"start":{"line":114,"column":38},"end":{"line":114,"column":39}},"loc":{"start":{"line":114,"column":64},"end":{"line":119,"column":5}},"line":114},"6":{"name":"(anonymous_6)","decl":{"start":{"line":122,"column":34},"end":{"line":122,"column":35}},"loc":{"start":{"line":122,"column":40},"end":{"line":122,"column":62}},"line":122},"7":{"name":"(anonymous_7)","decl":{"start":{"line":123,"column":38},"end":{"line":123,"column":39}},"loc":{"start":{"line":123,"column":44},"end":{"line":123,"column":78}},"line":123},"8":{"name":"(anonymous_8)","decl":{"start":{"line":126,"column":30},"end":{"line":126,"column":31}},"loc":{"start":{"line":126,"column":36},"end":{"line":126,"column":60}},"line":126},"9":{"name":"(anonymous_9)","decl":{"start":{"line":127,"column":34},"end":{"line":127,"column":35}},"loc":{"start":{"line":127,"column":40},"end":{"line":127,"column":70}},"line":127},"10":{"name":"(anonymous_10)","decl":{"start":{"line":143,"column":21},"end":{"line":143,"column":22}},"loc":{"start":{"line":143,"column":28},"end":{"line":143,"column":47}},"line":143},"11":{"name":"(anonymous_11)","decl":{"start":{"line":154,"column":2},"end":{"line":154,"column":3}},"loc":{"start":{"line":154,"column":65},"end":{"line":175,"column":3}},"line":154}},"branchMap":{"0":{"loc":{"start":{"line":33,"column":2},"end":{"line":35,"column":3}},"type":"if","locations":[{"start":{"line":33,"column":2},"end":{"line":35,"column":3}},{"start":{},"end":{}}],"line":33},"1":{"loc":{"start":{"line":33,"column":6},"end":{"line":33,"column":61}},"type":"binary-expr","locations":[{"start":{"line":33,"column":6},"end":{"line":33,"column":15}},{"start":{"line":33,"column":19},"end":{"line":33,"column":45}},{"start":{"line":33,"column":49},"end":{"line":33,"column":61}}],"line":33},"2":{"loc":{"start":{"line":57,"column":2},"end":{"line":59,"column":3}},"type":"if","locations":[{"start":{"line":57,"column":2},"end":{"line":59,"column":3}},{"start":{},"end":{}}],"line":57},"3":{"loc":{"start":{"line":57,"column":6},"end":{"line":57,"column":49}},"type":"binary-expr","locations":[{"start":{"line":57,"column":6},"end":{"line":57,"column":16}},{"start":{"line":57,"column":20},"end":{"line":57,"column":49}}],"line":57},"4":{"loc":{"start":{"line":63,"column":4},"end":{"line":65,"column":5}},"type":"if","locations":[{"start":{"line":63,"column":4},"end":{"line":65,"column":5}},{"start":{},"end":{}}],"line":63},"5":{"loc":{"start":{"line":115,"column":6},"end":{"line":118,"column":7}},"type":"if","locations":[{"start":{"line":115,"column":6},"end":{"line":118,"column":7}},{"start":{},"end":{}}],"line":115},"6":{"loc":{"start":{"line":115,"column":10},"end":{"line":115,"column":52}},"type":"binary-expr","locations":[{"start":{"line":115,"column":10},"end":{"line":115,"column":31}},{"start":{"line":115,"column":35},"end":{"line":115,"column":52}}],"line":115},"7":{"loc":{"start":{"line":156,"column":4},"end":{"line":158,"column":5}},"type":"if","locations":[{"start":{"line":156,"column":4},"end":{"line":158,"column":5}},{"start":{},"end":{}}],"line":156},"8":{"loc":{"start":{"line":161,"column":4},"end":{"line":163,"column":5}},"type":"if","locations":[{"start":{"line":161,"column":4},"end":{"line":163,"column":5}},{"start":{},"end":{}}],"line":161},"9":{"loc":{"start":{"line":170,"column":6},"end":{"line":173,"column":61}},"type":"binary-expr","locations":[{"start":{"line":170,"column":6},"end":{"line":170,"column":43}},{"start":{"line":171,"column":6},"end":{"line":171,"column":47}},{"start":{"line":172,"column":6},"end":{"line":172,"column":69}},{"start":{"line":173,"column":6},"end":{"line":173,"column":61}}],"line":170}},"s":{"0":3,"1":3,"2":4,"3":1,"4":3,"5":3,"6":3,"7":3,"8":9,"9":3,"10":4,"11":1,"12":3,"13":3,"14":3,"15":0,"16":3,"17":0,"18":3,"19":4,"20":4,"21":0,"22":4,"23":0,"24":0,"25":0,"26":4,"27":4,"28":4,"29":4,"30":4,"31":4,"32":4,"33":4,"34":4,"35":0,"36":0,"37":0,"38":0,"39":0,"40":0,"41":0,"42":0},"f":{"0":4,"1":9,"2":4,"3":4,"4":0,"5":0,"6":4,"7":4,"8":4,"9":4,"10":0,"11":0},"b":{"0":[1,3],"1":[4,3,3],"2":[1,3],"3":[4,3],"4":[0,3],"5":[0,0],"6":[0,0],"7":[0,0],"8":[0,0],"9":[0,0,0,0]},"_coverageSchema":"1a1c01bbd47fc00a2c39e90264f33305004495a9","hash":"69bdcd76b99bbe6bc74368df1fbdd5a2f675a34a"},"/home/runner/work/podr/podr/src/ui/List.tsx":{"path":"/home/runner/work/podr/podr/src/ui/List.tsx","statementMap":{"0":{"start":{"line":19,"column":20},"end":{"line":34,"column":10}},"1":{"start":{"line":40,"column":51},"end":{"line":142,"column":1}},"2":{"start":{"line":49,"column":30},"end":{"line":51,"column":33}},"3":{"start":{"line":50,"column":6},"end":{"line":50,"column":68}},"4":{"start":{"line":54,"column":31},"end":{"line":59,"column":35}},"5":{"start":{"line":55,"column":20},"end":{"line":55,"column":53}},"6":{"start":{"line":56,"column":6},"end":{"line":56,"column":70}},"7":{"start":{"line":56,"column":21},"end":{"line":56,"column":70}},"8":{"start":{"line":57,"column":6},"end":{"line":57,"column":79}},"9":{"start":{"line":57,"column":32},"end":{"line":57,"column":79}},"10":{"start":{"line":58,"column":6},"end":{"line":58,"column":21}},"11":{"start":{"line":62,"column":28},"end":{"line":70,"column":26}},"12":{"start":{"line":63,"column":6},"end":{"line":69,"column":9}},"13":{"start":{"line":64,"column":8},"end":{"line":68,"column":10}},"14":{"start":{"line":72,"column":4},"end":{"line":105,"column":6}},"15":{"start":{"line":110,"column":4},"end":{"line":112,"column":5}},"16":{"start":{"line":111,"column":6},"end":{"line":111,"column":19}},"17":{"start":{"line":114,"column":4},"end":{"line":116,"column":5}},"18":{"start":{"line":115,"column":6},"end":{"line":115,"column":19}},"19":{"start":{"line":118,"column":4},"end":{"line":120,"column":5}},"20":{"start":{"line":119,"column":6},"end":{"line":119,"column":19}},"21":{"start":{"line":123,"column":4},"end":{"line":125,"column":5}},"22":{"start":{"line":124,"column":6},"end":{"line":124,"column":19}},"23":{"start":{"line":128,"column":4},"end":{"line":130,"column":5}},"24":{"start":{"line":129,"column":6},"end":{"line":129,"column":18}},"25":{"start":{"line":134,"column":4},"end":{"line":138,"column":5}},"26":{"start":{"line":134,"column":17},"end":{"line":134,"column":18}},"27":{"start":{"line":135,"column":6},"end":{"line":137,"column":7}},"28":{"start":{"line":136,"column":8},"end":{"line":136,"column":21}},"29":{"start":{"line":140,"column":4},"end":{"line":140,"column":16}}},"fnMap":{"0":{"name":"(anonymous_0)","decl":{"start":{"line":41,"column":2},"end":{"line":41,"column":3}},"loc":{"start":{"line":46,"column":20},"end":{"line":106,"column":3}},"line":46},"1":{"name":"(anonymous_1)","decl":{"start":{"line":49,"column":38},"end":{"line":49,"column":39}},"loc":{"start":{"line":49,"column":44},"end":{"line":51,"column":5}},"line":49},"2":{"name":"(anonymous_2)","decl":{"start":{"line":54,"column":39},"end":{"line":54,"column":40}},"loc":{"start":{"line":54,"column":45},"end":{"line":59,"column":5}},"line":54},"3":{"name":"(anonymous_3)","decl":{"start":{"line":62,"column":36},"end":{"line":62,"column":37}},"loc":{"start":{"line":62,"column":42},"end":{"line":70,"column":5}},"line":62},"4":{"name":"(anonymous_4)","decl":{"start":{"line":63,"column":25},"end":{"line":63,"column":26}},"loc":{"start":{"line":64,"column":8},"end":{"line":68,"column":10}},"line":64},"5":{"name":"(anonymous_5)","decl":{"start":{"line":108,"column":2},"end":{"line":108,"column":3}},"loc":{"start":{"line":108,"column":61},"end":{"line":141,"column":3}},"line":108}},"branchMap":{"0":{"loc":{"start":{"line":44,"column":4},"end":{"line":44,"column":21}},"type":"default-arg","locations":[{"start":{"line":44,"column":16},"end":{"line":44,"column":21}}],"line":44},"1":{"loc":{"start":{"line":45,"column":4},"end":{"line":45,"column":52}},"type":"default-arg","locations":[{"start":{"line":45,"column":19},"end":{"line":45,"column":52}}],"line":45},"2":{"loc":{"start":{"line":50,"column":13},"end":{"line":50,"column":67}},"type":"cond-expr","locations":[{"start":{"line":50,"column":25},"end":{"line":50,"column":52}},{"start":{"line":50,"column":55},"end":{"line":50,"column":67}}],"line":50},"3":{"loc":{"start":{"line":56,"column":6},"end":{"line":56,"column":70}},"type":"if","locations":[{"start":{"line":56,"column":6},"end":{"line":56,"column":70}},{"start":{},"end":{}}],"line":56},"4":{"loc":{"start":{"line":57,"column":6},"end":{"line":57,"column":79}},"type":"if","locations":[{"start":{"line":57,"column":6},"end":{"line":57,"column":79}},{"start":{},"end":{}}],"line":57},"5":{"loc":{"start":{"line":84,"column":13},"end":{"line":101,"column":13}},"type":"cond-expr","locations":[{"start":{"line":85,"column":14},"end":{"line":85,"column":29}},{"start":{"line":87,"column":14},"end":{"line":100,"column":19}}],"line":84},"6":{"loc":{"start":{"line":89,"column":19},"end":{"line":98,"column":19}},"type":"cond-expr","locations":[{"start":{"line":90,"column":20},"end":{"line":93,"column":26}},{"start":{"line":95,"column":20},"end":{"line":97,"column":26}}],"line":89},"7":{"loc":{"start":{"line":110,"column":4},"end":{"line":112,"column":5}},"type":"if","locations":[{"start":{"line":110,"column":4},"end":{"line":112,"column":5}},{"start":{},"end":{}}],"line":110},"8":{"loc":{"start":{"line":114,"column":4},"end":{"line":116,"column":5}},"type":"if","locations":[{"start":{"line":114,"column":4},"end":{"line":116,"column":5}},{"start":{},"end":{}}],"line":114},"9":{"loc":{"start":{"line":118,"column":4},"end":{"line":120,"column":5}},"type":"if","locations":[{"start":{"line":118,"column":4},"end":{"line":120,"column":5}},{"start":{},"end":{}}],"line":118},"10":{"loc":{"start":{"line":123,"column":4},"end":{"line":125,"column":5}},"type":"if","locations":[{"start":{"line":123,"column":4},"end":{"line":125,"column":5}},{"start":{},"end":{}}],"line":123},"11":{"loc":{"start":{"line":128,"column":4},"end":{"line":130,"column":5}},"type":"if","locations":[{"start":{"line":128,"column":4},"end":{"line":130,"column":5}},{"start":{},"end":{}}],"line":128},"12":{"loc":{"start":{"line":135,"column":6},"end":{"line":137,"column":7}},"type":"if","locations":[{"start":{"line":135,"column":6},"end":{"line":137,"column":7}},{"start":{},"end":{}}],"line":135}},"s":{"0":2,"1":2,"2":5,"3":5,"4":5,"5":5,"6":5,"7":0,"8":5,"9":4,"10":5,"11":5,"12":5,"13":2,"14":5,"15":6,"16":0,"17":6,"18":0,"19":6,"20":0,"21":6,"22":0,"23":6,"24":3,"25":3,"26":3,"27":0,"28":0,"29":3},"f":{"0":5,"1":5,"2":5,"3":5,"4":2,"5":6},"b":{"0":[5],"1":[5],"2":[0,5],"3":[0,5],"4":[4,1],"5":[1,4],"6":[0,4],"7":[0,6],"8":[0,6],"9":[0,6],"10":[0,6],"11":[3,3],"12":[0,0]},"_coverageSchema":"1a1c01bbd47fc00a2c39e90264f33305004495a9","hash":"16326a8296403030ebefd57d2d69e40c6a799b59"},"/home/runner/work/podr/podr/src/utils/helpers.ts":{"path":"/home/runner/work/podr/podr/src/utils/helpers.ts","statementMap":{"0":{"start":{"line":4,"column":24},"end":{"line":4,"column":43}},"1":{"start":{"line":5,"column":34},"end":{"line":5,"column":47}},"2":{"start":{"line":10,"column":23},"end":{"line":14,"column":10}},"3":{"start":{"line":23,"column":2},"end":{"line":25,"column":3}},"4":{"start":{"line":24,"column":4},"end":{"line":24,"column":67}},"5":{"start":{"line":27,"column":2},"end":{"line":27,"column":65}},"6":{"start":{"line":41,"column":2},"end":{"line":43,"column":3}},"7":{"start":{"line":42,"column":4},"end":{"line":42,"column":72}},"8":{"start":{"line":45,"column":2},"end":{"line":47,"column":3}},"9":{"start":{"line":46,"column":4},"end":{"line":46,"column":68}},"10":{"start":{"line":49,"column":23},"end":{"line":53,"column":4}},"11":{"start":{"line":55,"column":2},"end":{"line":55,"column":65}},"12":{"start":{"line":64,"column":2},"end":{"line":64,"column":23}},"13":{"start":{"line":70,"column":23},"end":{"line":70,"column":30}}},"fnMap":{"0":{"name":"getSecureUrl","decl":{"start":{"line":22,"column":16},"end":{"line":22,"column":28}},"loc":{"start":{"line":22,"column":50},"end":{"line":28,"column":1}},"line":22},"1":{"name":"getFeedUrl","decl":{"start":{"line":37,"column":16},"end":{"line":37,"column":26}},"loc":{"start":{"line":40,"column":10},"end":{"line":56,"column":1}},"line":40},"2":{"name":"toArray","decl":{"start":{"line":63,"column":16},"end":{"line":63,"column":23}},"loc":{"start":{"line":63,"column":63},"end":{"line":65,"column":1}},"line":63}},"branchMap":{"0":{"loc":{"start":{"line":23,"column":2},"end":{"line":25,"column":3}},"type":"if","locations":[{"start":{"line":23,"column":2},"end":{"line":25,"column":3}},{"start":{},"end":{}}],"line":23},"1":{"loc":{"start":{"line":23,"column":6},"end":{"line":23,"column":37}},"type":"binary-expr","locations":[{"start":{"line":23,"column":6},"end":{"line":23,"column":10}},{"start":{"line":23,"column":14},"end":{"line":23,"column":37}}],"line":23},"2":{"loc":{"start":{"line":39,"column":2},"end":{"line":39,"column":53}},"type":"default-arg","locations":[{"start":{"line":39,"column":21},"end":{"line":39,"column":53}}],"line":39},"3":{"loc":{"start":{"line":41,"column":2},"end":{"line":43,"column":3}},"type":"if","locations":[{"start":{"line":41,"column":2},"end":{"line":43,"column":3}},{"start":{},"end":{}}],"line":41},"4":{"loc":{"start":{"line":41,"column":6},"end":{"line":41,"column":45}},"type":"binary-expr","locations":[{"start":{"line":41,"column":6},"end":{"line":41,"column":14}},{"start":{"line":41,"column":18},"end":{"line":41,"column":45}}],"line":41},"5":{"loc":{"start":{"line":45,"column":2},"end":{"line":47,"column":3}},"type":"if","locations":[{"start":{"line":45,"column":2},"end":{"line":47,"column":3}},{"start":{},"end":{}}],"line":45},"6":{"loc":{"start":{"line":45,"column":6},"end":{"line":45,"column":50}},"type":"binary-expr","locations":[{"start":{"line":45,"column":6},"end":{"line":45,"column":19}},{"start":{"line":45,"column":23},"end":{"line":45,"column":50}}],"line":45}},"s":{"0":2,"1":2,"2":2,"3":7,"4":4,"5":3,"6":9,"7":4,"8":5,"9":3,"10":2,"11":2,"12":28,"13":2},"f":{"0":7,"1":9,"2":28},"b":{"0":[4,3],"1":[7,4],"2":[5],"3":[4,5],"4":[9,6],"5":[3,2],"6":[5,3]},"_coverageSchema":"1a1c01bbd47fc00a2c39e90264f33305004495a9","hash":"13344b29dff96e9157b49cc7f9cd3a2c1dbe6bba"},"/home/runner/work/podr/podr/src/utils/AppContext.tsx":{"path":"/home/runner/work/podr/podr/src/utils/AppContext.tsx","statementMap":{"0":{"start":{"line":47,"column":26},"end":{"line":75,"column":1}},"1":{"start":{"line":81,"column":2},"end":{"line":87,"column":13}},"2":{"start":{"line":93,"column":26},"end":{"line":93,"column":79}},"3":{"start":{"line":98,"column":25},"end":{"line":103,"column":10}}},"fnMap":{"0":{"name":"createDefaultContext","decl":{"start":{"line":80,"column":9},"end":{"line":80,"column":29}},"loc":{"start":{"line":80,"column":48},"end":{"line":88,"column":1}},"line":80}},"branchMap":{},"s":{"0":1,"1":1,"2":1,"3":1},"f":{"0":1},"b":{},"_coverageSchema":"1a1c01bbd47fc00a2c39e90264f33305004495a9","hash":"75ef5a2f9d8537222a9b690b7780790b6eebf975"},"/home/runner/work/podr/podr/src/utils/hooks.ts":{"path":"/home/runner/work/podr/podr/src/utils/hooks.ts","statementMap":{"0":{"start":{"line":28,"column":4},"end":{"line":28,"column":19}},"1":{"start":{"line":29,"column":4},"end":{"line":29,"column":29}},"2":{"start":{"line":64,"column":2},"end":{"line":66,"column":3}},"3":{"start":{"line":65,"column":4},"end":{"line":65,"column":67}},"4":{"start":{"line":68,"column":20},"end":{"line":68,"column":39}},"5":{"start":{"line":70,"column":2},"end":{"line":72,"column":3}},"6":{"start":{"line":71,"column":4},"end":{"line":71,"column":48}},"7":{"start":{"line":74,"column":24},"end":{"line":74,"column":41}},"8":{"start":{"line":77,"column":2},"end":{"line":88,"column":27}},"9":{"start":{"line":78,"column":4},"end":{"line":87,"column":5}},"10":{"start":{"line":79,"column":19},"end":{"line":79,"column":44}},"11":{"start":{"line":80,"column":6},"end":{"line":83,"column":7}},"12":{"start":{"line":81,"column":28},"end":{"line":81,"column":44}},"13":{"start":{"line":82,"column":8},"end":{"line":82,"column":42}},"14":{"start":{"line":85,"column":6},"end":{"line":85,"column":71}},"15":{"start":{"line":91,"column":2},"end":{"line":99,"column":27}},"16":{"start":{"line":92,"column":4},"end":{"line":98,"column":7}},"17":{"start":{"line":93,"column":6},"end":{"line":97,"column":7}},"18":{"start":{"line":94,"column":8},"end":{"line":94,"column":71}},"19":{"start":{"line":96,"column":8},"end":{"line":96,"column":76}},"20":{"start":{"line":101,"column":2},"end":{"line":101,"column":23}},"21":{"start":{"line":110,"column":19},"end":{"line":110,"column":56}},"22":{"start":{"line":111,"column":16},"end":{"line":111,"column":51}},"23":{"start":{"line":113,"column":2},"end":{"line":122,"column":3}},"24":{"start":{"line":114,"column":4},"end":{"line":121,"column":7}},"25":{"start":{"line":124,"column":21},"end":{"line":124,"column":34}},"26":{"start":{"line":127,"column":2},"end":{"line":167,"column":31}},"27":{"start":{"line":128,"column":18},"end":{"line":128,"column":39}},"28":{"start":{"line":129,"column":4},"end":{"line":129,"column":29}},"29":{"start":{"line":132,"column":24},"end":{"line":141,"column":5}},"30":{"start":{"line":133,"column":6},"end":{"line":140,"column":8}},"31":{"start":{"line":143,"column":24},"end":{"line":149,"column":5}},"32":{"start":{"line":144,"column":6},"end":{"line":148,"column":8}},"33":{"start":{"line":151,"column":4},"end":{"line":151,"column":58}},"34":{"start":{"line":152,"column":4},"end":{"line":152,"column":54}},"35":{"start":{"line":153,"column":4},"end":{"line":153,"column":48}},"36":{"start":{"line":154,"column":4},"end":{"line":154,"column":49}},"37":{"start":{"line":155,"column":4},"end":{"line":155,"column":56}},"38":{"start":{"line":156,"column":4},"end":{"line":156,"column":49}},"39":{"start":{"line":158,"column":4},"end":{"line":166,"column":6}},"40":{"start":{"line":159,"column":6},"end":{"line":159,"column":63}},"41":{"start":{"line":160,"column":6},"end":{"line":160,"column":59}},"42":{"start":{"line":161,"column":6},"end":{"line":161,"column":53}},"43":{"start":{"line":162,"column":6},"end":{"line":162,"column":54}},"44":{"start":{"line":163,"column":6},"end":{"line":163,"column":61}},"45":{"start":{"line":164,"column":6},"end":{"line":164,"column":54}},"46":{"start":{"line":165,"column":6},"end":{"line":165,"column":20}},"47":{"start":{"line":169,"column":15},"end":{"line":197,"column":18}},"48":{"start":{"line":170,"column":18},"end":{"line":170,"column":34}},"49":{"start":{"line":171,"column":4},"end":{"line":171,"column":23}},"50":{"start":{"line":171,"column":16},"end":{"line":171,"column":23}},"51":{"start":{"line":173,"column":4},"end":{"line":196,"column":5}},"52":{"start":{"line":174,"column":6},"end":{"line":176,"column":7}},"53":{"start":{"line":175,"column":8},"end":{"line":175,"column":24}},"54":{"start":{"line":178,"column":6},"end":{"line":178,"column":25}},"55":{"start":{"line":180,"column":27},"end":{"line":180,"column":92}},"56":{"start":{"line":181,"column":6},"end":{"line":181,"column":51}},"57":{"start":{"line":183,"column":6},"end":{"line":187,"column":8}},"58":{"start":{"line":190,"column":6},"end":{"line":195,"column":7}},"59":{"start":{"line":191,"column":8},"end":{"line":194,"column":11}},"60":{"start":{"line":199,"column":16},"end":{"line":204,"column":8}},"61":{"start":{"line":200,"column":18},"end":{"line":200,"column":34}},"62":{"start":{"line":201,"column":4},"end":{"line":203,"column":5}},"63":{"start":{"line":202,"column":6},"end":{"line":202,"column":20}},"64":{"start":{"line":206,"column":20},"end":{"line":211,"column":8}},"65":{"start":{"line":207,"column":18},"end":{"line":207,"column":34}},"66":{"start":{"line":208,"column":4},"end":{"line":210,"column":5}},"67":{"start":{"line":209,"column":6},"end":{"line":209,"column":28}},"68":{"start":{"line":213,"column":19},"end":{"line":218,"column":8}},"69":{"start":{"line":214,"column":18},"end":{"line":214,"column":34}},"70":{"start":{"line":215,"column":4},"end":{"line":217,"column":5}},"71":{"start":{"line":216,"column":6},"end":{"line":216,"column":26}},"72":{"start":{"line":220,"column":15},"end":{"line":225,"column":8}},"73":{"start":{"line":221,"column":18},"end":{"line":221,"column":34}},"74":{"start":{"line":222,"column":4},"end":{"line":224,"column":5}},"75":{"start":{"line":223,"column":6},"end":{"line":223,"column":31}},"76":{"start":{"line":227,"column":2},"end":{"line":235,"column":4}},"77":{"start":{"line":248,"column":16},"end":{"line":248,"column":47}},"78":{"start":{"line":249,"column":29},"end":{"line":249,"column":65}},"79":{"start":{"line":250,"column":19},"end":{"line":250,"column":81}},"80":{"start":{"line":252,"column":2},"end":{"line":258,"column":3}},"81":{"start":{"line":253,"column":4},"end":{"line":257,"column":7}},"82":{"start":{"line":260,"column":21},"end":{"line":260,"column":34}},"83":{"start":{"line":262,"column":27},"end":{"line":289,"column":8}},"84":{"start":{"line":263,"column":4},"end":{"line":265,"column":5}},"85":{"start":{"line":264,"column":6},"end":{"line":264,"column":19}},"86":{"start":{"line":267,"column":4},"end":{"line":269,"column":5}},"87":{"start":{"line":268,"column":6},"end":{"line":268,"column":78}},"88":{"start":{"line":271,"column":4},"end":{"line":285,"column":5}},"89":{"start":{"line":272,"column":21},"end":{"line":272,"column":36}},"90":{"start":{"line":274,"column":6},"end":{"line":276,"column":7}},"91":{"start":{"line":275,"column":8},"end":{"line":275,"column":96}},"92":{"start":{"line":278,"column":6},"end":{"line":280,"column":7}},"93":{"start":{"line":279,"column":8},"end":{"line":279,"column":100}},"94":{"start":{"line":282,"column":6},"end":{"line":284,"column":7}},"95":{"start":{"line":283,"column":8},"end":{"line":283,"column":96}},"96":{"start":{"line":287,"column":20},"end":{"line":287,"column":85}},"97":{"start":{"line":288,"column":4},"end":{"line":288,"column":59}},"98":{"start":{"line":291,"column":20},"end":{"line":357,"column":50}},"99":{"start":{"line":292,"column":4},"end":{"line":295,"column":5}},"100":{"start":{"line":293,"column":6},"end":{"line":293,"column":69}},"101":{"start":{"line":294,"column":6},"end":{"line":294,"column":13}},"102":{"start":{"line":298,"column":19},"end":{"line":298,"column":44}},"103":{"start":{"line":299,"column":16},"end":{"line":299,"column":26}},"104":{"start":{"line":301,"column":4},"end":{"line":304,"column":5}},"105":{"start":{"line":302,"column":6},"end":{"line":302,"column":76}},"106":{"start":{"line":303,"column":6},"end":{"line":303,"column":13}},"107":{"start":{"line":307,"column":4},"end":{"line":309,"column":5}},"108":{"start":{"line":308,"column":6},"end":{"line":308,"column":41}},"109":{"start":{"line":311,"column":23},"end":{"line":311,"column":44}},"110":{"start":{"line":312,"column":4},"end":{"line":312,"column":44}},"111":{"start":{"line":314,"column":4},"end":{"line":314,"column":75}},"112":{"start":{"line":316,"column":4},"end":{"line":356,"column":5}},"113":{"start":{"line":317,"column":51},"end":{"line":317,"column":58}},"114":{"start":{"line":320,"column":29},"end":{"line":322,"column":8}},"115":{"start":{"line":321,"column":8},"end":{"line":321,"column":101}},"116":{"start":{"line":321,"column":25},"end":{"line":321,"column":90}},"117":{"start":{"line":324,"column":27},"end":{"line":327,"column":8}},"118":{"start":{"line":329,"column":23},"end":{"line":329,"column":73}},"119":{"start":{"line":331,"column":6},"end":{"line":333,"column":7}},"120":{"start":{"line":332,"column":8},"end":{"line":332,"column":79}},"121":{"start":{"line":335,"column":26},"end":{"line":335,"column":62}},"122":{"start":{"line":338,"column":6},"end":{"line":342,"column":7}},"123":{"start":{"line":339,"column":8},"end":{"line":339,"column":37}},"124":{"start":{"line":341,"column":8},"end":{"line":341,"column":53}},"125":{"start":{"line":345,"column":6},"end":{"line":345,"column":58}},"126":{"start":{"line":347,"column":6},"end":{"line":347,"column":63}},"127":{"start":{"line":349,"column":6},"end":{"line":352,"column":7}},"128":{"start":{"line":351,"column":8},"end":{"line":351,"column":15}},"129":{"start":{"line":354,"column":25},"end":{"line":354,"column":48}},"130":{"start":{"line":355,"column":6},"end":{"line":355,"column":75}},"131":{"start":{"line":360,"column":2},"end":{"line":368,"column":18}},"132":{"start":{"line":361,"column":4},"end":{"line":361,"column":16}},"133":{"start":{"line":363,"column":4},"end":{"line":367,"column":6}},"134":{"start":{"line":364,"column":6},"end":{"line":366,"column":7}},"135":{"start":{"line":365,"column":8},"end":{"line":365,"column":43}},"136":{"start":{"line":371,"column":2},"end":{"line":377,"column":9}},"137":{"start":{"line":372,"column":4},"end":{"line":376,"column":6}},"138":{"start":{"line":373,"column":6},"end":{"line":375,"column":7}},"139":{"start":{"line":374,"column":8},"end":{"line":374,"column":43}},"140":{"start":{"line":379,"column":2},"end":{"line":382,"column":37}},"141":{"start":{"line":379,"column":24},"end":{"line":382,"column":3}},"142":{"start":{"line":389,"column":21},"end":{"line":408,"column":8}},"143":{"start":{"line":395,"column":4},"end":{"line":395,"column":62}},"144":{"start":{"line":395,"column":55},"end":{"line":395,"column":62}},"145":{"start":{"line":397,"column":47},"end":{"line":401,"column":5}},"146":{"start":{"line":403,"column":4},"end":{"line":405,"column":5}},"147":{"start":{"line":404,"column":6},"end":{"line":404,"column":30}},"148":{"start":{"line":407,"column":4},"end":{"line":407,"column":44}},"149":{"start":{"line":410,"column":25},"end":{"line":422,"column":8}},"150":{"start":{"line":415,"column":4},"end":{"line":415,"column":62}},"151":{"start":{"line":415,"column":55},"end":{"line":415,"column":62}},"152":{"start":{"line":417,"column":4},"end":{"line":421,"column":7}},"153":{"start":{"line":424,"column":22},"end":{"line":437,"column":8}},"154":{"start":{"line":425,"column":4},"end":{"line":425,"column":62}},"155":{"start":{"line":425,"column":55},"end":{"line":425,"column":62}},"156":{"start":{"line":427,"column":47},"end":{"line":430,"column":5}},"157":{"start":{"line":432,"column":4},"end":{"line":434,"column":5}},"158":{"start":{"line":433,"column":6},"end":{"line":433,"column":45}},"159":{"start":{"line":436,"column":4},"end":{"line":436,"column":46}},"160":{"start":{"line":439,"column":27},"end":{"line":451,"column":8}},"161":{"start":{"line":444,"column":4},"end":{"line":444,"column":62}},"162":{"start":{"line":444,"column":55},"end":{"line":444,"column":62}},"163":{"start":{"line":446,"column":4},"end":{"line":450,"column":7}},"164":{"start":{"line":453,"column":2},"end":{"line":458,"column":4}}},"fnMap":{"0":{"name":"(anonymous_0)","decl":{"start":{"line":22,"column":2},"end":{"line":22,"column":3}},"loc":{"start":{"line":27,"column":4},"end":{"line":30,"column":3}},"line":27},"1":{"name":"useLocalStorageSignal","decl":{"start":{"line":60,"column":16},"end":{"line":60,"column":37}},"loc":{"start":{"line":63,"column":13},"end":{"line":102,"column":1}},"line":63},"2":{"name":"(anonymous_2)","decl":{"start":{"line":77,"column":12},"end":{"line":77,"column":13}},"loc":{"start":{"line":77,"column":18},"end":{"line":88,"column":3}},"line":77},"3":{"name":"(anonymous_3)","decl":{"start":{"line":91,"column":12},"end":{"line":91,"column":13}},"loc":{"start":{"line":91,"column":18},"end":{"line":99,"column":3}},"line":91},"4":{"name":"(anonymous_4)","decl":{"start":{"line":92,"column":18},"end":{"line":92,"column":19}},"loc":{"start":{"line":92,"column":24},"end":{"line":98,"column":5}},"line":92},"5":{"name":"useAudio","decl":{"start":{"line":109,"column":16},"end":{"line":109,"column":24}},"loc":{"start":{"line":109,"column":46},"end":{"line":236,"column":1}},"line":109},"6":{"name":"(anonymous_6)","decl":{"start":{"line":127,"column":12},"end":{"line":127,"column":13}},"loc":{"start":{"line":127,"column":18},"end":{"line":167,"column":3}},"line":127},"7":{"name":"(anonymous_7)","decl":{"start":{"line":132,"column":24},"end":{"line":132,"column":25}},"loc":{"start":{"line":132,"column":30},"end":{"line":141,"column":5}},"line":132},"8":{"name":"(anonymous_8)","decl":{"start":{"line":143,"column":24},"end":{"line":143,"column":25}},"loc":{"start":{"line":143,"column":30},"end":{"line":149,"column":5}},"line":143},"9":{"name":"(anonymous_9)","decl":{"start":{"line":158,"column":11},"end":{"line":158,"column":12}},"loc":{"start":{"line":158,"column":17},"end":{"line":166,"column":5}},"line":158},"10":{"name":"(anonymous_10)","decl":{"start":{"line":169,"column":27},"end":{"line":169,"column":28}},"loc":{"start":{"line":169,"column":51},"end":{"line":197,"column":3}},"line":169},"11":{"name":"(anonymous_11)","decl":{"start":{"line":199,"column":28},"end":{"line":199,"column":29}},"loc":{"start":{"line":199,"column":34},"end":{"line":204,"column":3}},"line":199},"12":{"name":"(anonymous_12)","decl":{"start":{"line":206,"column":32},"end":{"line":206,"column":33}},"loc":{"start":{"line":206,"column":52},"end":{"line":211,"column":3}},"line":206},"13":{"name":"(anonymous_13)","decl":{"start":{"line":213,"column":31},"end":{"line":213,"column":32}},"loc":{"start":{"line":213,"column":51},"end":{"line":218,"column":3}},"line":213},"14":{"name":"(anonymous_14)","decl":{"start":{"line":220,"column":27},"end":{"line":220,"column":28}},"loc":{"start":{"line":220,"column":45},"end":{"line":225,"column":3}},"line":220},"15":{"name":"useFetch","decl":{"start":{"line":244,"column":16},"end":{"line":244,"column":24}},"loc":{"start":{"line":247,"column":52},"end":{"line":383,"column":1}},"line":247},"16":{"name":"(anonymous_16)","decl":{"start":{"line":262,"column":39},"end":{"line":262,"column":40}},"loc":{"start":{"line":262,"column":92},"end":{"line":289,"column":3}},"line":262},"17":{"name":"(anonymous_17)","decl":{"start":{"line":291,"column":32},"end":{"line":291,"column":33}},"loc":{"start":{"line":291,"column":59},"end":{"line":357,"column":3}},"line":291},"18":{"name":"(anonymous_18)","decl":{"start":{"line":320,"column":48},"end":{"line":320,"column":49}},"loc":{"start":{"line":320,"column":63},"end":{"line":322,"column":7}},"line":320},"19":{"name":"(anonymous_19)","decl":{"start":{"line":321,"column":19},"end":{"line":321,"column":20}},"loc":{"start":{"line":321,"column":25},"end":{"line":321,"column":90}},"line":321},"20":{"name":"(anonymous_20)","decl":{"start":{"line":360,"column":12},"end":{"line":360,"column":13}},"loc":{"start":{"line":360,"column":18},"end":{"line":368,"column":3}},"line":360},"21":{"name":"(anonymous_21)","decl":{"start":{"line":363,"column":11},"end":{"line":363,"column":12}},"loc":{"start":{"line":363,"column":17},"end":{"line":367,"column":5}},"line":363},"22":{"name":"(anonymous_22)","decl":{"start":{"line":371,"column":12},"end":{"line":371,"column":13}},"loc":{"start":{"line":371,"column":18},"end":{"line":377,"column":3}},"line":371},"23":{"name":"(anonymous_23)","decl":{"start":{"line":372,"column":11},"end":{"line":372,"column":12}},"loc":{"start":{"line":372,"column":17},"end":{"line":376,"column":5}},"line":372},"24":{"name":"(anonymous_24)","decl":{"start":{"line":379,"column":17},"end":{"line":379,"column":18}},"loc":{"start":{"line":379,"column":24},"end":{"line":382,"column":3}},"line":379},"25":{"name":"useAnalytics","decl":{"start":{"line":388,"column":16},"end":{"line":388,"column":28}},"loc":{"start":{"line":388,"column":31},"end":{"line":459,"column":1}},"line":388},"26":{"name":"(anonymous_26)","decl":{"start":{"line":389,"column":33},"end":{"line":389,"column":34}},"loc":{"start":{"line":394,"column":7},"end":{"line":408,"column":3}},"line":394},"27":{"name":"(anonymous_27)","decl":{"start":{"line":410,"column":37},"end":{"line":410,"column":38}},"loc":{"start":{"line":414,"column":7},"end":{"line":422,"column":3}},"line":414},"28":{"name":"(anonymous_28)","decl":{"start":{"line":424,"column":34},"end":{"line":424,"column":35}},"loc":{"start":{"line":424,"column":81},"end":{"line":437,"column":3}},"line":424},"29":{"name":"(anonymous_29)","decl":{"start":{"line":439,"column":39},"end":{"line":439,"column":40}},"loc":{"start":{"line":443,"column":7},"end":{"line":451,"column":3}},"line":443}},"branchMap":{"0":{"loc":{"start":{"line":64,"column":2},"end":{"line":66,"column":3}},"type":"if","locations":[{"start":{"line":64,"column":2},"end":{"line":66,"column":3}},{"start":{},"end":{}}],"line":64},"1":{"loc":{"start":{"line":64,"column":6},"end":{"line":64,"column":37}},"type":"binary-expr","locations":[{"start":{"line":64,"column":6},"end":{"line":64,"column":10}},{"start":{"line":64,"column":14},"end":{"line":64,"column":37}}],"line":64},"2":{"loc":{"start":{"line":70,"column":2},"end":{"line":72,"column":3}},"type":"if","locations":[{"start":{"line":70,"column":2},"end":{"line":72,"column":3}},{"start":{},"end":{}}],"line":70},"3":{"loc":{"start":{"line":80,"column":6},"end":{"line":83,"column":7}},"type":"if","locations":[{"start":{"line":80,"column":6},"end":{"line":83,"column":7}},{"start":{},"end":{}}],"line":80},"4":{"loc":{"start":{"line":113,"column":2},"end":{"line":122,"column":3}},"type":"if","locations":[{"start":{"line":113,"column":2},"end":{"line":122,"column":3}},{"start":{},"end":{}}],"line":113},"5":{"loc":{"start":{"line":136,"column":18},"end":{"line":136,"column":37}},"type":"binary-expr","locations":[{"start":{"line":136,"column":18},"end":{"line":136,"column":32}},{"start":{"line":136,"column":36},"end":{"line":136,"column":37}}],"line":136},"6":{"loc":{"start":{"line":146,"column":15},"end":{"line":146,"column":61}},"type":"binary-expr","locations":[{"start":{"line":146,"column":15},"end":{"line":146,"column":35}},{"start":{"line":146,"column":39},"end":{"line":146,"column":61}}],"line":146},"7":{"loc":{"start":{"line":171,"column":4},"end":{"line":171,"column":23}},"type":"if","locations":[{"start":{"line":171,"column":4},"end":{"line":171,"column":23}},{"start":{},"end":{}}],"line":171},"8":{"loc":{"start":{"line":174,"column":6},"end":{"line":176,"column":7}},"type":"if","locations":[{"start":{"line":174,"column":6},"end":{"line":176,"column":7}},{"start":{},"end":{}}],"line":174},"9":{"loc":{"start":{"line":174,"column":10},"end":{"line":174,"column":34}},"type":"binary-expr","locations":[{"start":{"line":174,"column":10},"end":{"line":174,"column":13}},{"start":{"line":174,"column":17},"end":{"line":174,"column":34}}],"line":174},"10":{"loc":{"start":{"line":180,"column":27},"end":{"line":180,"column":92}},"type":"cond-expr","locations":[{"start":{"line":180,"column":52},"end":{"line":180,"column":65}},{"start":{"line":180,"column":68},"end":{"line":180,"column":92}}],"line":180},"11":{"loc":{"start":{"line":190,"column":6},"end":{"line":195,"column":7}},"type":"if","locations":[{"start":{"line":190,"column":6},"end":{"line":195,"column":7}},{"start":{},"end":{}}],"line":190},"12":{"loc":{"start":{"line":190,"column":10},"end":{"line":190,"column":54}},"type":"binary-expr","locations":[{"start":{"line":190,"column":10},"end":{"line":190,"column":39}},{"start":{"line":190,"column":43},"end":{"line":190,"column":54}}],"line":190},"13":{"loc":{"start":{"line":201,"column":4},"end":{"line":203,"column":5}},"type":"if","locations":[{"start":{"line":201,"column":4},"end":{"line":203,"column":5}},{"start":{},"end":{}}],"line":201},"14":{"loc":{"start":{"line":208,"column":4},"end":{"line":210,"column":5}},"type":"if","locations":[{"start":{"line":208,"column":4},"end":{"line":210,"column":5}},{"start":{},"end":{}}],"line":208},"15":{"loc":{"start":{"line":208,"column":8},"end":{"line":208,"column":43}},"type":"binary-expr","locations":[{"start":{"line":208,"column":8},"end":{"line":208,"column":13}},{"start":{"line":208,"column":17},"end":{"line":208,"column":28}},{"start":{"line":208,"column":32},"end":{"line":208,"column":43}}],"line":208},"16":{"loc":{"start":{"line":215,"column":4},"end":{"line":217,"column":5}},"type":"if","locations":[{"start":{"line":215,"column":4},"end":{"line":217,"column":5}},{"start":{},"end":{}}],"line":215},"17":{"loc":{"start":{"line":222,"column":4},"end":{"line":224,"column":5}},"type":"if","locations":[{"start":{"line":222,"column":4},"end":{"line":224,"column":5}},{"start":{},"end":{}}],"line":222},"18":{"loc":{"start":{"line":222,"column":8},"end":{"line":222,"column":52}},"type":"binary-expr","locations":[{"start":{"line":222,"column":8},"end":{"line":222,"column":13}},{"start":{"line":222,"column":17},"end":{"line":222,"column":26}},{"start":{"line":222,"column":30},"end":{"line":222,"column":52}}],"line":222},"19":{"loc":{"start":{"line":246,"column":2},"end":{"line":246,"column":50}},"type":"default-arg","locations":[{"start":{"line":246,"column":48},"end":{"line":246,"column":50}}],"line":246},"20":{"loc":{"start":{"line":252,"column":2},"end":{"line":258,"column":3}},"type":"if","locations":[{"start":{"line":252,"column":2},"end":{"line":258,"column":3}},{"start":{},"end":{}}],"line":252},"21":{"loc":{"start":{"line":263,"column":4},"end":{"line":265,"column":5}},"type":"if","locations":[{"start":{"line":263,"column":4},"end":{"line":265,"column":5}},{"start":{},"end":{}}],"line":263},"22":{"loc":{"start":{"line":267,"column":4},"end":{"line":269,"column":5}},"type":"if","locations":[{"start":{"line":267,"column":4},"end":{"line":269,"column":5}},{"start":{},"end":{}}],"line":267},"23":{"loc":{"start":{"line":267,"column":8},"end":{"line":267,"column":71}},"type":"binary-expr","locations":[{"start":{"line":267,"column":8},"end":{"line":267,"column":34}},{"start":{"line":267,"column":38},"end":{"line":267,"column":71}}],"line":267},"24":{"loc":{"start":{"line":271,"column":4},"end":{"line":285,"column":5}},"type":"if","locations":[{"start":{"line":271,"column":4},"end":{"line":285,"column":5}},{"start":{},"end":{}}],"line":271},"25":{"loc":{"start":{"line":274,"column":6},"end":{"line":276,"column":7}},"type":"if","locations":[{"start":{"line":274,"column":6},"end":{"line":276,"column":7}},{"start":{},"end":{}}],"line":274},"26":{"loc":{"start":{"line":278,"column":6},"end":{"line":280,"column":7}},"type":"if","locations":[{"start":{"line":278,"column":6},"end":{"line":280,"column":7}},{"start":{},"end":{}}],"line":278},"27":{"loc":{"start":{"line":278,"column":10},"end":{"line":278,"column":42}},"type":"binary-expr","locations":[{"start":{"line":278,"column":10},"end":{"line":278,"column":24}},{"start":{"line":278,"column":28},"end":{"line":278,"column":42}}],"line":278},"28":{"loc":{"start":{"line":282,"column":6},"end":{"line":284,"column":7}},"type":"if","locations":[{"start":{"line":282,"column":6},"end":{"line":284,"column":7}},{"start":{},"end":{}}],"line":282},"29":{"loc":{"start":{"line":287,"column":20},"end":{"line":287,"column":85}},"type":"cond-expr","locations":[{"start":{"line":287,"column":45},"end":{"line":287,"column":58}},{"start":{"line":287,"column":61},"end":{"line":287,"column":85}}],"line":287},"30":{"loc":{"start":{"line":292,"column":4},"end":{"line":295,"column":5}},"type":"if","locations":[{"start":{"line":292,"column":4},"end":{"line":295,"column":5}},{"start":{},"end":{}}],"line":292},"31":{"loc":{"start":{"line":301,"column":4},"end":{"line":304,"column":5}},"type":"if","locations":[{"start":{"line":301,"column":4},"end":{"line":304,"column":5}},{"start":{},"end":{}}],"line":301},"32":{"loc":{"start":{"line":301,"column":8},"end":{"line":301,"column":80}},"type":"binary-expr","locations":[{"start":{"line":301,"column":8},"end":{"line":301,"column":14}},{"start":{"line":301,"column":18},"end":{"line":301,"column":80}}],"line":301},"33":{"loc":{"start":{"line":307,"column":4},"end":{"line":309,"column":5}},"type":"if","locations":[{"start":{"line":307,"column":4},"end":{"line":309,"column":5}},{"start":{},"end":{}}],"line":307},"34":{"loc":{"start":{"line":317,"column":14},"end":{"line":317,"column":29}},"type":"default-arg","locations":[{"start":{"line":317,"column":24},"end":{"line":317,"column":29}}],"line":317},"35":{"loc":{"start":{"line":331,"column":6},"end":{"line":333,"column":7}},"type":"if","locations":[{"start":{"line":331,"column":6},"end":{"line":333,"column":7}},{"start":{},"end":{}}],"line":331},"36":{"loc":{"start":{"line":338,"column":6},"end":{"line":342,"column":7}},"type":"if","locations":[{"start":{"line":338,"column":6},"end":{"line":342,"column":7}},{"start":{"line":340,"column":13},"end":{"line":342,"column":7}}],"line":338},"37":{"loc":{"start":{"line":349,"column":6},"end":{"line":352,"column":7}},"type":"if","locations":[{"start":{"line":349,"column":6},"end":{"line":352,"column":7}},{"start":{},"end":{}}],"line":349},"38":{"loc":{"start":{"line":349,"column":10},"end":{"line":349,"column":63}},"type":"binary-expr","locations":[{"start":{"line":349,"column":10},"end":{"line":349,"column":32}},{"start":{"line":349,"column":36},"end":{"line":349,"column":63}}],"line":349},"39":{"loc":{"start":{"line":364,"column":6},"end":{"line":366,"column":7}},"type":"if","locations":[{"start":{"line":364,"column":6},"end":{"line":366,"column":7}},{"start":{},"end":{}}],"line":364},"40":{"loc":{"start":{"line":373,"column":6},"end":{"line":375,"column":7}},"type":"if","locations":[{"start":{"line":373,"column":6},"end":{"line":375,"column":7}},{"start":{},"end":{}}],"line":373},"41":{"loc":{"start":{"line":395,"column":4},"end":{"line":395,"column":62}},"type":"if","locations":[{"start":{"line":395,"column":4},"end":{"line":395,"column":62}},{"start":{},"end":{}}],"line":395},"42":{"loc":{"start":{"line":395,"column":8},"end":{"line":395,"column":53}},"type":"binary-expr","locations":[{"start":{"line":395,"column":8},"end":{"line":395,"column":37}},{"start":{"line":395,"column":41},"end":{"line":395,"column":53}}],"line":395},"43":{"loc":{"start":{"line":403,"column":4},"end":{"line":405,"column":5}},"type":"if","locations":[{"start":{"line":403,"column":4},"end":{"line":405,"column":5}},{"start":{},"end":{}}],"line":403},"44":{"loc":{"start":{"line":412,"column":4},"end":{"line":412,"column":26}},"type":"default-arg","locations":[{"start":{"line":412,"column":21},"end":{"line":412,"column":26}}],"line":412},"45":{"loc":{"start":{"line":413,"column":4},"end":{"line":413,"column":30}},"type":"default-arg","locations":[{"start":{"line":413,"column":23},"end":{"line":413,"column":30}}],"line":413},"46":{"loc":{"start":{"line":415,"column":4},"end":{"line":415,"column":62}},"type":"if","locations":[{"start":{"line":415,"column":4},"end":{"line":415,"column":62}},{"start":{},"end":{}}],"line":415},"47":{"loc":{"start":{"line":415,"column":8},"end":{"line":415,"column":53}},"type":"binary-expr","locations":[{"start":{"line":415,"column":8},"end":{"line":415,"column":37}},{"start":{"line":415,"column":41},"end":{"line":415,"column":53}}],"line":415},"48":{"loc":{"start":{"line":425,"column":4},"end":{"line":425,"column":62}},"type":"if","locations":[{"start":{"line":425,"column":4},"end":{"line":425,"column":62}},{"start":{},"end":{}}],"line":425},"49":{"loc":{"start":{"line":425,"column":8},"end":{"line":425,"column":53}},"type":"binary-expr","locations":[{"start":{"line":425,"column":8},"end":{"line":425,"column":37}},{"start":{"line":425,"column":41},"end":{"line":425,"column":53}}],"line":425},"50":{"loc":{"start":{"line":432,"column":4},"end":{"line":434,"column":5}},"type":"if","locations":[{"start":{"line":432,"column":4},"end":{"line":434,"column":5}},{"start":{},"end":{}}],"line":432},"51":{"loc":{"start":{"line":442,"column":4},"end":{"line":442,"column":36}},"type":"default-arg","locations":[{"start":{"line":442,"column":23},"end":{"line":442,"column":36}}],"line":442},"52":{"loc":{"start":{"line":444,"column":4},"end":{"line":444,"column":62}},"type":"if","locations":[{"start":{"line":444,"column":4},"end":{"line":444,"column":62}},{"start":{},"end":{}}],"line":444},"53":{"loc":{"start":{"line":444,"column":8},"end":{"line":444,"column":53}},"type":"binary-expr","locations":[{"start":{"line":444,"column":8},"end":{"line":444,"column":37}},{"start":{"line":444,"column":41},"end":{"line":444,"column":53}}],"line":444}},"s":{"0":0,"1":0,"2":0,"3":0,"4":0,"5":0,"6":0,"7":0,"8":0,"9":0,"10":0,"11":0,"12":0,"13":0,"14":0,"15":0,"16":0,"17":0,"18":0,"19":0,"20":0,"21":0,"22":0,"23":0,"24":0,"25":0,"26":0,"27":0,"28":0,"29":0,"30":0,"31":0,"32":0,"33":0,"34":0,"35":0,"36":0,"37":0,"38":0,"39":0,"40":0,"41":0,"42":0,"43":0,"44":0,"45":0,"46":0,"47":0,"48":0,"49":0,"50":0,"51":0,"52":0,"53":0,"54":0,"55":0,"56":0,"57":0,"58":0,"59":0,"60":0,"61":0,"62":0,"63":0,"64":0,"65":0,"66":0,"67":0,"68":0,"69":0,"70":0,"71":0,"72":0,"73":0,"74":0,"75":0,"76":0,"77":0,"78":0,"79":0,"80":0,"81":0,"82":0,"83":0,"84":0,"85":0,"86":0,"87":0,"88":0,"89":0,"90":0,"91":0,"92":0,"93":0,"94":0,"95":0,"96":0,"97":0,"98":0,"99":0,"100":0,"101":0,"102":0,"103":0,"104":0,"105":0,"106":0,"107":0,"108":0,"109":0,"110":0,"111":0,"112":0,"113":0,"114":0,"115":0,"116":0,"117":0,"118":0,"119":0,"120":0,"121":0,"122":0,"123":0,"124":0,"125":0,"126":0,"127":0,"128":0,"129":0,"130":0,"131":0,"132":0,"133":0,"134":0,"135":0,"136":0,"137":0,"138":0,"139":0,"140":0,"141":0,"142":9,"143":0,"144":0,"145":0,"146":0,"147":0,"148":0,"149":9,"150":0,"151":0,"152":0,"153":9,"154":1,"155":0,"156":1,"157":1,"158":0,"159":1,"160":9,"161":0,"162":0,"163":0,"164":9},"f":{"0":0,"1":0,"2":0,"3":0,"4":0,"5":0,"6":0,"7":0,"8":0,"9":0,"10":0,"11":0,"12":0,"13":0,"14":0,"15":0,"16":0,"17":0,"18":0,"19":0,"20":0,"21":0,"22":0,"23":0,"24":0,"25":9,"26":0,"27":0,"28":1,"29":0},"b":{"0":[0,0],"1":[0,0],"2":[0,0],"3":[0,0],"4":[0,0],"5":[0,0],"6":[0,0],"7":[0,0],"8":[0,0],"9":[0,0],"10":[0,0],"11":[0,0],"12":[0,0],"13":[0,0],"14":[0,0],"15":[0,0,0],"16":[0,0],"17":[0,0],"18":[0,0,0],"19":[0],"20":[0,0],"21":[0,0],"22":[0,0],"23":[0,0],"24":[0,0],"25":[0,0],"26":[0,0],"27":[0,0],"28":[0,0],"29":[0,0],"30":[0,0],"31":[0,0],"32":[0,0],"33":[0,0],"34":[0],"35":[0,0],"36":[0,0],"37":[0,0],"38":[0,0],"39":[0,0],"40":[0,0],"41":[0,0],"42":[0,0],"43":[0,0],"44":[0],"45":[0],"46":[0,0],"47":[0,0],"48":[0,1],"49":[1,1],"50":[0,1],"51":[0],"52":[0,0],"53":[0,0]},"_coverageSchema":"1a1c01bbd47fc00a2c39e90264f33305004495a9","hash":"32aba4d3018d87fd3b208e5ede4bd485e36c1973"},"/home/runner/work/podr/podr/src/ui/Search.tsx":{"path":"/home/runner/work/podr/podr/src/ui/Search.tsx","statementMap":{"0":{"start":{"line":9,"column":22},"end":{"line":14,"column":10}},"1":{"start":{"line":52,"column":55},"end":{"line":182,"column":1}},"2":{"start":{"line":59,"column":19},"end":{"line":59,"column":49}},"3":{"start":{"line":60,"column":26},"end":{"line":60,"column":40}},"4":{"start":{"line":65,"column":29},"end":{"line":73,"column":8}},"5":{"start":{"line":66,"column":25},"end":{"line":66,"column":37}},"6":{"start":{"line":68,"column":4},"end":{"line":70,"column":5}},"7":{"start":{"line":69,"column":6},"end":{"line":69,"column":18}},"8":{"start":{"line":72,"column":4},"end":{"line":72,"column":24}},"9":{"start":{"line":78,"column":24},"end":{"line":85,"column":49}},"10":{"start":{"line":79,"column":27},"end":{"line":79,"column":52}},"11":{"start":{"line":81,"column":4},"end":{"line":84,"column":5}},"12":{"start":{"line":82,"column":6},"end":{"line":82,"column":31}},"13":{"start":{"line":83,"column":6},"end":{"line":83,"column":34}},"14":{"start":{"line":90,"column":24},"end":{"line":95,"column":42}},"15":{"start":{"line":91,"column":4},"end":{"line":94,"column":5}},"16":{"start":{"line":92,"column":6},"end":{"line":92,"column":29}},"17":{"start":{"line":93,"column":6},"end":{"line":93,"column":47}},"18":{"start":{"line":100,"column":23},"end":{"line":106,"column":42}},"19":{"start":{"line":101,"column":4},"end":{"line":101,"column":27}},"20":{"start":{"line":103,"column":4},"end":{"line":105,"column":5}},"21":{"start":{"line":104,"column":6},"end":{"line":104,"column":44}},"22":{"start":{"line":111,"column":23},"end":{"line":115,"column":29}},"23":{"start":{"line":112,"column":4},"end":{"line":114,"column":5}},"24":{"start":{"line":113,"column":6},"end":{"line":113,"column":52}},"25":{"start":{"line":120,"column":31},"end":{"line":123,"column":3}},"26":{"start":{"line":121,"column":4},"end":{"line":121,"column":57}},"27":{"start":{"line":125,"column":32},"end":{"line":128,"column":3}},"28":{"start":{"line":126,"column":4},"end":{"line":126,"column":76}},"29":{"start":{"line":133,"column":25},"end":{"line":136,"column":3}},"30":{"start":{"line":134,"column":4},"end":{"line":134,"column":78}},"31":{"start":{"line":138,"column":26},"end":{"line":141,"column":3}},"32":{"start":{"line":139,"column":4},"end":{"line":139,"column":79}},"33":{"start":{"line":143,"column":2},"end":{"line":181,"column":4}}},"fnMap":{"0":{"name":"(anonymous_0)","decl":{"start":{"line":52,"column":55},"end":{"line":52,"column":56}},"loc":{"start":{"line":58,"column":6},"end":{"line":182,"column":1}},"line":58},"1":{"name":"(anonymous_1)","decl":{"start":{"line":65,"column":41},"end":{"line":65,"column":42}},"loc":{"start":{"line":65,"column":75},"end":{"line":73,"column":3}},"line":65},"2":{"name":"(anonymous_2)","decl":{"start":{"line":78,"column":36},"end":{"line":78,"column":37}},"loc":{"start":{"line":78,"column":55},"end":{"line":85,"column":3}},"line":78},"3":{"name":"(anonymous_3)","decl":{"start":{"line":90,"column":36},"end":{"line":90,"column":37}},"loc":{"start":{"line":90,"column":92},"end":{"line":95,"column":3}},"line":90},"4":{"name":"(anonymous_4)","decl":{"start":{"line":100,"column":35},"end":{"line":100,"column":36}},"loc":{"start":{"line":100,"column":82},"end":{"line":106,"column":3}},"line":100},"5":{"name":"(anonymous_5)","decl":{"start":{"line":111,"column":35},"end":{"line":111,"column":36}},"loc":{"start":{"line":111,"column":83},"end":{"line":115,"column":3}},"line":111},"6":{"name":"(anonymous_6)","decl":{"start":{"line":120,"column":39},"end":{"line":120,"column":40}},"loc":{"start":{"line":121,"column":4},"end":{"line":121,"column":57}},"line":121},"7":{"name":"(anonymous_7)","decl":{"start":{"line":125,"column":40},"end":{"line":125,"column":41}},"loc":{"start":{"line":126,"column":4},"end":{"line":126,"column":76}},"line":126},"8":{"name":"(anonymous_8)","decl":{"start":{"line":133,"column":33},"end":{"line":133,"column":34}},"loc":{"start":{"line":134,"column":4},"end":{"line":134,"column":78}},"line":134},"9":{"name":"(anonymous_9)","decl":{"start":{"line":138,"column":34},"end":{"line":138,"column":35}},"loc":{"start":{"line":139,"column":4},"end":{"line":139,"column":79}},"line":139}},"branchMap":{"0":{"loc":{"start":{"line":55,"column":2},"end":{"line":55,"column":46}},"type":"default-arg","locations":[{"start":{"line":55,"column":16},"end":{"line":55,"column":46}}],"line":55},"1":{"loc":{"start":{"line":56,"column":2},"end":{"line":56,"column":19}},"type":"default-arg","locations":[{"start":{"line":56,"column":14},"end":{"line":56,"column":19}}],"line":56},"2":{"loc":{"start":{"line":57,"column":2},"end":{"line":57,"column":18}},"type":"default-arg","locations":[{"start":{"line":57,"column":13},"end":{"line":57,"column":18}}],"line":57},"3":{"loc":{"start":{"line":68,"column":4},"end":{"line":70,"column":5}},"type":"if","locations":[{"start":{"line":68,"column":4},"end":{"line":70,"column":5}},{"start":{},"end":{}}],"line":68},"4":{"loc":{"start":{"line":81,"column":4},"end":{"line":84,"column":5}},"type":"if","locations":[{"start":{"line":81,"column":4},"end":{"line":84,"column":5}},{"start":{},"end":{}}],"line":81},"5":{"loc":{"start":{"line":91,"column":4},"end":{"line":94,"column":5}},"type":"if","locations":[{"start":{"line":91,"column":4},"end":{"line":94,"column":5}},{"start":{},"end":{}}],"line":91},"6":{"loc":{"start":{"line":91,"column":8},"end":{"line":91,"column":56}},"type":"binary-expr","locations":[{"start":{"line":91,"column":8},"end":{"line":91,"column":29}},{"start":{"line":91,"column":33},"end":{"line":91,"column":42}},{"start":{"line":91,"column":46},"end":{"line":91,"column":56}}],"line":91},"7":{"loc":{"start":{"line":103,"column":4},"end":{"line":105,"column":5}},"type":"if","locations":[{"start":{"line":103,"column":4},"end":{"line":105,"column":5}},{"start":{},"end":{}}],"line":103},"8":{"loc":{"start":{"line":103,"column":8},"end":{"line":103,"column":51}},"type":"binary-expr","locations":[{"start":{"line":103,"column":8},"end":{"line":103,"column":24}},{"start":{"line":103,"column":28},"end":{"line":103,"column":37}},{"start":{"line":103,"column":41},"end":{"line":103,"column":51}}],"line":103},"9":{"loc":{"start":{"line":112,"column":4},"end":{"line":114,"column":5}},"type":"if","locations":[{"start":{"line":112,"column":4},"end":{"line":114,"column":5}},{"start":{},"end":{}}],"line":112},"10":{"loc":{"start":{"line":112,"column":8},"end":{"line":112,"column":32}},"type":"binary-expr","locations":[{"start":{"line":112,"column":8},"end":{"line":112,"column":19}},{"start":{"line":112,"column":23},"end":{"line":112,"column":32}}],"line":112},"11":{"loc":{"start":{"line":121,"column":21},"end":{"line":121,"column":55}},"type":"cond-expr","locations":[{"start":{"line":121,"column":33},"end":{"line":121,"column":50}},{"start":{"line":121,"column":53},"end":{"line":121,"column":55}}],"line":121},"12":{"loc":{"start":{"line":126,"column":42},"end":{"line":126,"column":74}},"type":"cond-expr","locations":[{"start":{"line":126,"column":54},"end":{"line":126,"column":69}},{"start":{"line":126,"column":72},"end":{"line":126,"column":74}}],"line":126},"13":{"loc":{"start":{"line":134,"column":19},"end":{"line":134,"column":46}},"type":"cond-expr","locations":[{"start":{"line":134,"column":31},"end":{"line":134,"column":41}},{"start":{"line":134,"column":44},"end":{"line":134,"column":46}}],"line":134},"14":{"loc":{"start":{"line":134,"column":49},"end":{"line":134,"column":76}},"type":"cond-expr","locations":[{"start":{"line":134,"column":60},"end":{"line":134,"column":71}},{"start":{"line":134,"column":74},"end":{"line":134,"column":76}}],"line":134},"15":{"loc":{"start":{"line":139,"column":20},"end":{"line":139,"column":47}},"type":"cond-expr","locations":[{"start":{"line":139,"column":32},"end":{"line":139,"column":42}},{"start":{"line":139,"column":45},"end":{"line":139,"column":47}}],"line":139},"16":{"loc":{"start":{"line":139,"column":50},"end":{"line":139,"column":77}},"type":"cond-expr","locations":[{"start":{"line":139,"column":61},"end":{"line":139,"column":72}},{"start":{"line":139,"column":75},"end":{"line":139,"column":77}}],"line":139},"17":{"loc":{"start":{"line":153,"column":20},"end":{"line":153,"column":58}},"type":"cond-expr","locations":[{"start":{"line":153,"column":34},"end":{"line":153,"column":46}},{"start":{"line":153,"column":49},"end":{"line":153,"column":58}}],"line":153},"18":{"loc":{"start":{"line":155,"column":20},"end":{"line":155,"column":41}},"type":"binary-expr","locations":[{"start":{"line":155,"column":20},"end":{"line":155,"column":28}},{"start":{"line":155,"column":32},"end":{"line":155,"column":41}}],"line":155},"19":{"loc":{"start":{"line":159,"column":9},"end":{"line":163,"column":9}},"type":"binary-expr","locations":[{"start":{"line":159,"column":9},"end":{"line":159,"column":18}},{"start":{"line":160,"column":10},"end":{"line":162,"column":16}}],"line":159},"20":{"loc":{"start":{"line":169,"column":18},"end":{"line":169,"column":39}},"type":"binary-expr","locations":[{"start":{"line":169,"column":18},"end":{"line":169,"column":26}},{"start":{"line":169,"column":30},"end":{"line":169,"column":39}}],"line":169},"21":{"loc":{"start":{"line":171,"column":9},"end":{"line":178,"column":9}},"type":"cond-expr","locations":[{"start":{"line":172,"column":10},"end":{"line":175,"column":21}},{"start":{"line":177,"column":10},"end":{"line":177,"column":42}}],"line":171}},"s":{"0":2,"1":2,"2":11,"3":11,"4":11,"5":1,"6":1,"7":0,"8":1,"9":11,"10":1,"11":1,"12":1,"13":1,"14":11,"15":0,"16":0,"17":0,"18":11,"19":1,"20":1,"21":1,"22":11,"23":0,"24":0,"25":11,"26":5,"27":11,"28":5,"29":11,"30":5,"31":11,"32":5,"33":11},"f":{"0":11,"1":1,"2":1,"3":0,"4":1,"5":0,"6":5,"7":5,"8":5,"9":5},"b":{"0":[11],"1":[11],"2":[11],"3":[0,1],"4":[1,0],"5":[0,0],"6":[0,0,0],"7":[1,0],"8":[1,1,1],"9":[0,0],"10":[0,0],"11":[0,5],"12":[0,5],"13":[0,5],"14":[0,5],"15":[0,5],"16":[0,5],"17":[1,10],"18":[11,11],"19":[11,0],"20":[11,11],"21":[0,11]},"_coverageSchema":"1a1c01bbd47fc00a2c39e90264f33305004495a9","hash":"0a35c2dcd8d65689d9770ed3025b9b961ffcef7a"},"/home/runner/work/podr/podr/src/ui/AppFunctional.tsx":{"path":"/home/runner/work/podr/podr/src/ui/AppFunctional.tsx","statementMap":{"0":{"start":{"line":19,"column":14},"end":{"line":19,"column":24}},"1":{"start":{"line":20,"column":18},"end":{"line":20,"column":55}},"2":{"start":{"line":21,"column":16},"end":{"line":23,"column":1}},"3":{"start":{"line":24,"column":22},"end":{"line":24,"column":54}},"4":{"start":{"line":25,"column":19},"end":{"line":25,"column":57}},"5":{"start":{"line":28,"column":14},"end":{"line":28,"column":63}},"6":{"start":{"line":28,"column":29},"end":{"line":28,"column":62}},"7":{"start":{"line":31,"column":24},"end":{"line":64,"column":1}},"8":{"start":{"line":33,"column":2},"end":{"line":52,"column":12}},"9":{"start":{"line":34,"column":23},"end":{"line":34,"column":48}},"10":{"start":{"line":35,"column":4},"end":{"line":51,"column":5}},"11":{"start":{"line":36,"column":6},"end":{"line":50,"column":7}},"12":{"start":{"line":37,"column":28},"end":{"line":37,"column":50}},"13":{"start":{"line":38,"column":8},"end":{"line":47,"column":9}},"14":{"start":{"line":40,"column":26},"end":{"line":40,"column":42}},"15":{"start":{"line":41,"column":10},"end":{"line":43,"column":13}},"16":{"start":{"line":42,"column":12},"end":{"line":42,"column":30}},"17":{"start":{"line":44,"column":10},"end":{"line":44,"column":36}},"18":{"start":{"line":46,"column":10},"end":{"line":46,"column":36}},"19":{"start":{"line":49,"column":8},"end":{"line":49,"column":67}},"20":{"start":{"line":55,"column":2},"end":{"line":61,"column":5}},"21":{"start":{"line":56,"column":4},"end":{"line":60,"column":5}},"22":{"start":{"line":57,"column":6},"end":{"line":57,"column":83}},"23":{"start":{"line":59,"column":6},"end":{"line":59,"column":61}},"24":{"start":{"line":63,"column":2},"end":{"line":63,"column":15}},"25":{"start":{"line":67,"column":17},"end":{"line":99,"column":1}},"26":{"start":{"line":68,"column":15},"end":{"line":68,"column":37}},"27":{"start":{"line":69,"column":16},"end":{"line":69,"column":42}},"28":{"start":{"line":70,"column":20},"end":{"line":70,"column":33}},"29":{"start":{"line":72,"column":2},"end":{"line":96,"column":12}},"30":{"start":{"line":73,"column":22},"end":{"line":91,"column":5}},"31":{"start":{"line":74,"column":6},"end":{"line":74,"column":29}},"32":{"start":{"line":75,"column":6},"end":{"line":90,"column":7}},"33":{"start":{"line":76,"column":25},"end":{"line":76,"column":50}},"34":{"start":{"line":77,"column":8},"end":{"line":79,"column":9}},"35":{"start":{"line":78,"column":10},"end":{"line":78,"column":68}},"36":{"start":{"line":80,"column":23},"end":{"line":80,"column":44}},"37":{"start":{"line":81,"column":8},"end":{"line":81,"column":28}},"38":{"start":{"line":83,"column":8},"end":{"line":83,"column":35}},"39":{"start":{"line":84,"column":8},"end":{"line":87,"column":11}},"40":{"start":{"line":89,"column":8},"end":{"line":89,"column":32}},"41":{"start":{"line":93,"column":4},"end":{"line":95,"column":5}},"42":{"start":{"line":94,"column":6},"end":{"line":94,"column":18}},"43":{"start":{"line":98,"column":2},"end":{"line":98,"column":78}},"44":{"start":{"line":101,"column":19},"end":{"line":358,"column":1}},"45":{"start":{"line":102,"column":19},"end":{"line":102,"column":49}},"46":{"start":{"line":105,"column":2},"end":{"line":105,"column":68}},"47":{"start":{"line":106,"column":2},"end":{"line":106,"column":65}},"48":{"start":{"line":109,"column":2},"end":{"line":137,"column":9}},"49":{"start":{"line":111,"column":4},"end":{"line":128,"column":5}},"50":{"start":{"line":112,"column":6},"end":{"line":112,"column":61}},"51":{"start":{"line":115,"column":6},"end":{"line":127,"column":11}},"52":{"start":{"line":117,"column":10},"end":{"line":119,"column":11}},"53":{"start":{"line":118,"column":12},"end":{"line":118,"column":70}},"54":{"start":{"line":120,"column":72},"end":{"line":120,"column":93}},"55":{"start":{"line":121,"column":10},"end":{"line":121,"column":45}},"56":{"start":{"line":124,"column":10},"end":{"line":124,"column":73}},"57":{"start":{"line":126,"column":10},"end":{"line":126,"column":36}},"58":{"start":{"line":131,"column":38},"end":{"line":131,"column":42}},"59":{"start":{"line":132,"column":4},"end":{"line":136,"column":5}},"60":{"start":{"line":133,"column":6},"end":{"line":135,"column":15}},"61":{"start":{"line":134,"column":8},"end":{"line":134,"column":34}},"62":{"start":{"line":140,"column":34},"end":{"line":155,"column":3}},"63":{"start":{"line":141,"column":4},"end":{"line":154,"column":9}},"64":{"start":{"line":143,"column":8},"end":{"line":145,"column":9}},"65":{"start":{"line":144,"column":10},"end":{"line":144,"column":68}},"66":{"start":{"line":146,"column":70},"end":{"line":146,"column":91}},"67":{"start":{"line":147,"column":8},"end":{"line":147,"column":43}},"68":{"start":{"line":150,"column":8},"end":{"line":153,"column":11}},"69":{"start":{"line":157,"column":23},"end":{"line":179,"column":8}},"70":{"start":{"line":158,"column":4},"end":{"line":160,"column":5}},"71":{"start":{"line":159,"column":6},"end":{"line":159,"column":13}},"72":{"start":{"line":162,"column":4},"end":{"line":178,"column":9}},"73":{"start":{"line":164,"column":8},"end":{"line":166,"column":9}},"74":{"start":{"line":165,"column":10},"end":{"line":165,"column":68}},"75":{"start":{"line":167,"column":8},"end":{"line":167,"column":31}},"76":{"start":{"line":170,"column":8},"end":{"line":170,"column":36}},"77":{"start":{"line":171,"column":8},"end":{"line":171,"column":96}},"78":{"start":{"line":174,"column":8},"end":{"line":177,"column":11}},"79":{"start":{"line":181,"column":19},"end":{"line":213,"column":8}},"80":{"start":{"line":182,"column":4},"end":{"line":185,"column":7}},"81":{"start":{"line":187,"column":4},"end":{"line":187,"column":30}},"82":{"start":{"line":189,"column":4},"end":{"line":192,"column":5}},"83":{"start":{"line":190,"column":6},"end":{"line":190,"column":31}},"84":{"start":{"line":191,"column":6},"end":{"line":191,"column":13}},"85":{"start":{"line":194,"column":41},"end":{"line":197,"column":6}},"86":{"start":{"line":199,"column":4},"end":{"line":212,"column":9}},"87":{"start":{"line":201,"column":8},"end":{"line":203,"column":9}},"88":{"start":{"line":202,"column":10},"end":{"line":202,"column":68}},"89":{"start":{"line":204,"column":56},"end":{"line":204,"column":77}},"90":{"start":{"line":205,"column":8},"end":{"line":205,"column":43}},"91":{"start":{"line":208,"column":8},"end":{"line":211,"column":11}},"92":{"start":{"line":215,"column":18},"end":{"line":227,"column":8}},"93":{"start":{"line":216,"column":24},"end":{"line":216,"column":43}},"94":{"start":{"line":218,"column":4},"end":{"line":222,"column":7}},"95":{"start":{"line":224,"column":4},"end":{"line":226,"column":5}},"96":{"start":{"line":225,"column":6},"end":{"line":225,"column":47}},"97":{"start":{"line":229,"column":21},"end":{"line":258,"column":8}},"98":{"start":{"line":230,"column":25},"end":{"line":230,"column":49}},"99":{"start":{"line":232,"column":4},"end":{"line":255,"column":5}},"100":{"start":{"line":234,"column":32},"end":{"line":239,"column":7}},"101":{"start":{"line":240,"column":6},"end":{"line":240,"column":35}},"102":{"start":{"line":242,"column":6},"end":{"line":246,"column":9}},"103":{"start":{"line":248,"column":6},"end":{"line":248,"column":29}},"104":{"start":{"line":250,"column":6},"end":{"line":254,"column":9}},"105":{"start":{"line":257,"column":4},"end":{"line":257,"column":35}},"106":{"start":{"line":260,"column":23},"end":{"line":270,"column":8}},"107":{"start":{"line":261,"column":25},"end":{"line":261,"column":49}},"108":{"start":{"line":262,"column":4},"end":{"line":262,"column":30}},"109":{"start":{"line":263,"column":4},"end":{"line":263,"column":35}},"110":{"start":{"line":265,"column":4},"end":{"line":269,"column":7}},"111":{"start":{"line":272,"column":2},"end":{"line":357,"column":4}},"112":{"start":{"line":283,"column":14},"end":{"line":292,"column":67}},"113":{"start":{"line":290,"column":31},"end":{"line":290,"column":59}},"114":{"start":{"line":291,"column":34},"end":{"line":291,"column":52}},"115":{"start":{"line":301,"column":12},"end":{"line":329,"column":62}},"116":{"start":{"line":309,"column":33},"end":{"line":309,"column":62}},"117":{"start":{"line":310,"column":36},"end":{"line":321,"column":18}},"118":{"start":{"line":311,"column":18},"end":{"line":313,"column":19}},"119":{"start":{"line":312,"column":20},"end":{"line":312,"column":78}},"120":{"start":{"line":314,"column":18},"end":{"line":314,"column":47}},"121":{"start":{"line":316,"column":18},"end":{"line":319,"column":21}},"122":{"start":{"line":320,"column":18},"end":{"line":320,"column":41}},"123":{"start":{"line":323,"column":16},"end":{"line":326,"column":17}},"124":{"start":{"line":324,"column":34},"end":{"line":324,"column":64}},"125":{"start":{"line":325,"column":18},"end":{"line":325,"column":40}},"126":{"start":{"line":328,"column":32},"end":{"line":328,"column":59}},"127":{"start":{"line":336,"column":8},"end":{"line":344,"column":52}},"128":{"start":{"line":343,"column":25},"end":{"line":343,"column":53}},"129":{"start":{"line":344,"column":28},"end":{"line":344,"column":48}}},"fnMap":{"0":{"name":"(anonymous_0)","decl":{"start":{"line":28,"column":23},"end":{"line":28,"column":24}},"loc":{"start":{"line":2
[...]
"type":"if","locations":[{"start":{"line":311,"column":18},"end":{"line":313,"column":19}},{"start":{},"end":{}}],"line":311},"23":{"loc":{"start":{"line":323,"column":16},"end":{"line":326,"column":17}},"type":"if","locations":[{"start":{"line":323,"column":16},"end":{"line":326,"column":17}},{"start":{},"end":{}}],"line":323}},"s":{"0":1,"1":1,"2":1,"3":1,"4":1,"5":1,"6":4,"7":1,"8":18,"9":6,"10":6,"11":6,"12":6,"13":6,"14":3,"15":3,"16":0,"17":3,"18":3,"19":0,"20":18,"21":42,"22":21,"23":21,"24":18,"25":1,"26":0,"27":0,"28":0,"29":0,"30":0,"31":0,"32":0,"33":0,"34":0,"35":0,"36":0,"37":0,"38":0,"39":0,"40":0,"41":0,"42":0,"43":0,"44":1,"45":9,"46":9,"47":9,"48":9,"49":3,"50":0,"51":3,"52":3,"53":0,"54":3,"55":3,"56":0,"57":0,"58":3,"59":3,"60":3,"61":0,"62":9,"63":0,"64":0,"65":0,"66":0,"67":0,"68":0,"69":9,"70":0,"71":0,"72":0,"73":0,"74":0,"75":0,"76":0,"77":0,"78":0,"79":9,"80":1,"81":1,"82":1,"83":0,"84":0,"85":1,"86":1,"87":1,"88":0,"89":1,"90":1,"91":0,"92":9,"93":0,"94":0,"95":0,"96":0,"97":9,"98":0,"99":0,"100":0,"101":0,"102":0,"103":0,"104":0,"105":0,"106":9,"107":0,"108":0,"109":0,"110":0,"111":9,"112":1,"113":0,"114":0,"115":7,"116":0,"117":0,"118":0,"119":0,"120":0,"121":0,"122":0,"123":0,"124":0,"125":0,"126":0,"127":0,"128":0,"129":0},"f":{"0":4,"1":18,"2":6,"3":0,"4":42,"5":0,"6":0,"7":0,"8":9,"9":3,"10":3,"11":0,"12":0,"13":0,"14":0,"15":0,"16":0,"17":0,"18":0,"19":0,"20":1,"21":1,"22":0,"23":0,"24":0,"25":0,"26":1,"27":0,"28":0,"29":7,"30":0,"31":0,"32":0,"33":0,"34":0,"35":0,"36":0},"b":{"0":[1,1],"1":[6,0],"2":[3,3],"3":[21,21],"4":[0,0],"5":[0,0],"6":[0,3],"7":[3,0,0],"8":[0,3],"9":[3,0],"10":[0,0],"11":[0,0],"12":[0,0],"13":[0],"14":[1],"15":[0,1],"16":[1,1],"17":[0,1],"18":[0,0],"19":[0,0],"20":[1,8],"21":[9,9],"22":[0,0],"23":[0,0]},"_coverageSchema":"1a1c01bbd47fc00a2c39e90264f33305004495a9","hash":"f739d543dd7f7b5d7814772a602214d0ea22ab1d"},"/home/runner/work/podr/podr/src/ui/ErrorBoundary.tsx":{"path":"/home/runner/work/podr/podr/src/ui/ErrorBoundary.tsx","statementMap":{"0":{"start":{"line":19,"column":4},"end":{"line":19,"column":17}},"1":{"start":{"line":20,"column":4},"end":{"line":20,"column":50}},"2":{"start":{"line":25,"column":4},"end":{"line":28,"column":7}},"3":{"start":{"line":31,"column":4},"end":{"line":36,"column":5}},"4":{"start":{"line":32,"column":6},"end":{"line":35,"column":9}},"5":{"start":{"line":40,"column":4},"end":{"line":52,"column":5}},"6":{"start":{"line":42,"column":6},"end":{"line":51,"column":8}},"7":{"start":{"line":55,"column":4},"end":{"line":55,"column":31}}},"fnMap":{"0":{"name":"(anonymous_0)","decl":{"start":{"line":18,"column":2},"end":{"line":18,"column":3}},"loc":{"start":{"line":18,"column":41},"end":{"line":21,"column":3}},"line":18},"1":{"name":"(anonymous_1)","decl":{"start":{"line":23,"column":2},"end":{"line":23,"column":3}},"loc":{"start":{"line":23,"column":50},"end":{"line":37,"column":3}},"line":23},"2":{"name":"(anonymous_2)","decl":{"start":{"line":39,"column":2},"end":{"line":39,"column":3}},"loc":{"start":{"line":39,"column":11},"end":{"line":56,"column":3}},"line":39}},"branchMap":{"0":{"loc":{"start":{"line":31,"column":4},"end":{"line":36,"column":5}},"type":"if","locations":[{"start":{"line":31,"column":4},"end":{"line":36,"column":5}},{"start":{},"end":{}}],"line":31},"1":{"loc":{"start":{"line":31,"column":8},"end":{"line":31,"column":52}},"type":"binary-expr","locations":[{"start":{"line":31,"column":8},"end":{"line":31,"column":37}},{"start":{"line":31,"column":41},"end":{"line":31,"column":52}}],"line":31},"2":{"loc":{"start":{"line":40,"column":4},"end":{"line":52,"column":5}},"type":"if","locations":[{"start":{"line":40,"column":4},"end":{"line":52,"column":5}},{"start":{},"end":{}}],"line":40},"3":{"loc":{"start":{"line":42,"column":13},"end":{"line":51,"column":7}},"type":"binary-expr","locations":[{"start":{"line":42,"column":13},"end":{"line":42,"column":32}},{"start":{"line":43,"column":8},"end":{"line":50,"column":14}}],"line":42}},"s":{"0":3,"1":3,"2":2,"3":2,"4":2,"5":5,"6":2,"7":3},"f":{"0":3,"1":2,"2":5},"b":{"0":[2,0],"1":[2,2],"2":[2,3],"3":[2,1]},"_coverageSchema":"1a1c01bbd47fc00a2c39e90264f33305004495a9","hash":"6e48bbf9a75f189ca52076d5c161385e9fb6ef60"},"/home/runner/work/podr/podr/src/index.tsx":{"path":"/home/runner/work/podr/podr/src/index.tsx","statementMap":{"0":{"start":{"line":1,"column":0},"end":{"line":5,"column":1}},"1":{"start":{"line":2,"column":2},"end":{"line":2,"column":26}},"2":{"start":{"line":4,"column":2},"end":{"line":4,"column":29}},"3":{"start":{"line":14,"column":35},"end":{"line":14,"column":66}},"4":{"start":{"line":16,"column":0},"end":{"line":23,"column":1}},"5":{"start":{"line":17,"column":2},"end":{"line":22,"column":4}}},"fnMap":{},"branchMap":{"0":{"loc":{"start":{"line":1,"column":0},"end":{"line":5,"column":1}},"type":"if","locations":[{"start":{"line":1,"column":0},"end":{"line":5,"column":1}},{"start":{"line":3,"column":7},"end":{"line":5,"column":1}}],"line":1},"1":{"loc":{"start":{"line":16,"column":0},"end":{"line":23,"column":1}},"type":"if","locations":[{"start":{"line":16,"column":0},"end":{"line":23,"column":1}},{"start":{},"end":{}}],"line":16},"2":{"loc":{"start":{"line":16,"column":4},"end":{"line":16,"column":43}},"type":"binary-expr","locations":[{"start":{"line":16,"column":4},"end":{"line":16,"column":33}},{"start":{"line":16,"column":37},"end":{"line":16,"column":43}}],"line":16}},"s":{"0":0,"1":0,"2":0,"3":0,"4":0,"5":0},"f":{},"b":{"0":[0,0],"1":[0,0],"2":[0,0]}},"/home/runner/work/podr/podr/src/ui/App.tsx":{"path":"/home/runner/work/podr/podr/src/ui/App.tsx","statementMap":{"0":{"start":{"line":45,"column":66},"end":{"line":45,"column":77}},"1":{"start":{"line":46,"column":50},"end":{"line":46,"column":66}},"2":{"start":{"line":49,"column":41},"end":{"line":49,"column":88}},"3":{"start":{"line":50,"column":52},"end":{"line":50,"column":64}},"4":{"start":{"line":51,"column":54},"end":{"line":51,"column":68}},"5":{"start":{"line":52,"column":49},"end":{"line":52,"column":51}},"6":{"start":{"line":55,"column":4},"end":{"line":55,"column":42}},"7":{"start":{"line":59,"column":4},"end":{"line":59,"column":12}},"8":{"start":{"line":61,"column":4},"end":{"line":63,"column":7}},"9":{"start":{"line":62,"column":6},"end":{"line":62,"column":30}},"10":{"start":{"line":65,"column":4},"end":{"line":69,"column":6}},"11":{"start":{"line":71,"column":4},"end":{"line":82,"column":7}},"12":{"start":{"line":72,"column":68},"end":{"line":72,"column":89}},"13":{"start":{"line":74,"column":6},"end":{"line":76,"column":9}},"14":{"start":{"line":78,"column":6},"end":{"line":81,"column":9}},"15":{"start":{"line":84,"column":4},"end":{"line":84,"column":24}},"16":{"start":{"line":87,"column":21},"end":{"line":114,"column":3}},"17":{"start":{"line":88,"column":4},"end":{"line":91,"column":7}},"18":{"start":{"line":93,"column":4},"end":{"line":97,"column":5}},"19":{"start":{"line":94,"column":6},"end":{"line":96,"column":9}},"20":{"start":{"line":99,"column":41},"end":{"line":99,"column":105}},"21":{"start":{"line":101,"column":4},"end":{"line":113,"column":7}},"22":{"start":{"line":102,"column":54},"end":{"line":102,"column":75}},"23":{"start":{"line":104,"column":6},"end":{"line":107,"column":9}},"24":{"start":{"line":109,"column":6},"end":{"line":112,"column":9}},"25":{"start":{"line":117,"column":56},"end":{"line":117,"column":61}},"26":{"start":{"line":119,"column":4},"end":{"line":201,"column":6}},"27":{"start":{"line":130,"column":16},"end":{"line":139,"column":69}},"28":{"start":{"line":137,"column":33},"end":{"line":137,"column":66}},"29":{"start":{"line":138,"column":36},"end":{"line":138,"column":59}},"30":{"start":{"line":148,"column":14},"end":{"line":173,"column":64}},"31":{"start":{"line":156,"column":35},"end":{"line":156,"column":64}},"32":{"start":{"line":157,"column":38},"end":{"line":165,"column":20}},"33":{"start":{"line":158,"column":20},"end":{"line":158,"column":49}},"34":{"start":{"line":160,"column":20},"end":{"line":163,"column":23}},"35":{"start":{"line":164,"column":20},"end":{"line":164,"column":43}},"36":{"start":{"line":167,"column":18},"end":{"line":170,"column":19}},"37":{"start":{"line":168,"column":36},"end":{"line":168,"column":66}},"38":{"start":{"line":169,"column":20},"end":{"line":169,"column":47}},"39":{"start":{"line":172,"column":34},"end":{"line":172,"column":66}},"40":{"start":{"line":180,"column":10},"end":{"line":188,"column":59}},"41":{"start":{"line":187,"column":27},"end":{"line":187,"column":60}},"42":{"start":{"line":188,"column":30},"end":{"line":188,"column":55}},"43":{"start":{"line":205,"column":4},"end":{"line":207,"column":5}},"44":{"start":{"line":206,"column":6},"end":{"line":206,"column":13}},"45":{"start":{"line":209,"column":4},"end":{"line":228,"column":9}},"46":{"start":{"line":211,"column":8},"end":{"line":213,"column":9}},"47":{"start":{"line":212,"column":10},"end":{"line":212,"column":68}},"48":{"start":{"line":214,"column":8},"end":{"line":214,"column":31}},"49":{"start":{"line":217,"column":8},"end":{"line":217,"column":85}},"50":{"start":{"line":219,"column":8},"end":{"line":221,"column":11}},"51":{"start":{"line":224,"column":8},"end":{"line":227,"column":11}},"52":{"start":{"line":231,"column":20},"end":{"line":243,"column":3}},"53":{"start":{"line":232,"column":24},"end":{"line":232,"column":43}},"54":{"start":{"line":234,"column":4},"end":{"line":238,"column":7}},"55":{"start":{"line":240,"column":4},"end":{"line":242,"column":5}},"56":{"start":{"line":241,"column":6},"end":{"line":241,"column":51}},"57":{"start":{"line":245,"column":23},"end":{"line":276,"column":3}},"58":{"start":{"line":246,"column":4},"end":{"line":269,"column":5}},"59":{"start":{"line":248,"column":32},"end":{"line":253,"column":7}},"60":{"start":{"line":254,"column":6},"end":{"line":254,"column":36}},"61":{"start":{"line":256,"column":6},"end":{"line":260,"column":9}},"62":{"start":{"line":262,"column":6},"end":{"line":262,"column":30}},"63":{"start":{"line":264,"column":6},"end":{"line":268,"column":9}},"64":{"start":{"line":271,"column":4},"end":{"line":273,"column":7}},"65":{"start":{"line":275,"column":4},"end":{"line":275,"column":32}},"66":{"start":{"line":278,"column":25},"end":{"line":292,"column":3}},"67":{"start":{"line":279,"column":4},"end":{"line":279,"column":31}},"68":{"start":{"line":281,"column":4},"end":{"line":285,"column":7}},"69":{"start":{"line":287,"column":4},"end":{"line":289,"column":7}},"70":{"start":{"line":291,"column":4},"end":{"line":291,"column":32}},"71":{"start":{"line":294,"column":33},"end":{"line":296,"column":3}},"72":{"start":{"line":295,"column":4},"end":{"line":295,"column":82}}},"fnMap":{"0":{"name":"(anonymous_0)","decl":{"start":{"line":54,"column":2},"end":{"line":54,"column":3}},"loc":{"start":{"line":54,"column":31},"end":{"line":56,"column":3}},"line":54},"1":{"name":"(anonymous_1)","decl":{"start":{"line":58,"column":2},"end":{"line":58,"column":3}},"loc":{"start":{"line":58,"column":23},"end":{"line":85,"column":3}},"line":58},"2":{"name":"(anonymous_2)","decl":{"start":{"line":61,"column":82},"end":{"line":61,"column":83}},"loc":{"start":{"line":61,"column":99},"end":{"line":63,"column":5}},"line":61},"3":{"name":"(anonymous_3)","decl":{"start":{"line":71,"column":62},"end":{"line":71,"column":63}},"loc":{"start":{"line":71,"column":92},"end":{"line":77,"column":5}},"line":71},"4":{"name":"(anonymous_4)","decl":{"start":{"line":77,"column":13},"end":{"line":77,"column":14}},"loc":{"start":{"line":77,"column":29},"end":{"line":82,"column":5}},"line":77},"5":{"name":"(anonymous_5)","decl":{"start":{"line":87,"column":21},"end":{"line":87,"column":22}},"loc":{"start":{"line":87,"column":82},"end":{"line":114,"column":3}},"line":87},"6":{"name":"(anonymous_6)","decl":{"start":{"line":101,"column":65},"end":{"line":101,"column":66}},"loc":{"start":{"line":101,"column":95},"end":{"line":108,"column":5}},"line":101},"7":{"name":"(anonymous_7)","decl":{"start":{"line":108,"column":13},"end":{"line":108,"column":14}},"loc":{"start":{"line":108,"column":29},"end":{"line":113,"column":5}},"line":108},"8":{"name":"(anonymous_8)","decl":{"start":{"line":116,"column":2},"end":{"line":116,"column":3}},"loc":{"start":{"line":116,"column":54},"end":{"line":202,"column":3}},"line":116},"9":{"name":"(anonymous_9)","decl":{"start":{"line":129,"column":33},"end":{"line":129,"column":34}},"loc":{"start":{"line":130,"column":16},"end":{"line":139,"column":69}},"line":130},"10":{"name":"(anonymous_10)","decl":{"start":{"line":137,"column":27},"end":{"line":137,"column":28}},"loc":{"start":{"line":137,"column":33},"end":{"line":137,"column":66}},"line":137},"11":{"name":"(anonymous_11)","decl":{"start":{"line":138,"column":30},"end":{"line":138,"column":31}},"loc":{"start":{"line":138,"column":36},"end":{"line":138,"column":59}},"line":138},"12":{"name":"(anonymous_12)","decl":{"start":{"line":147,"column":64},"end":{"line":147,"column":65}},"loc":{"start":{"line":148,"column":14},"end":{"line":173,"column":64}},"line":148},"13":{"name":"(anonymous_13)","decl":{"start":{"line":155,"column":25},"end":{"line":155,"column":26}},"loc":{"start":{"line":155,"column":37},"end":{"line":171,"column":17}},"line":155},"14":{"name":"(anonymous_14)","decl":{"start":{"line":157,"column":93},"end":{"line":157,"column":94}},"loc":{"start":{"line":157,"column":123},"end":{"line":159,"column":19}},"line":157},"15":{"name":"(anonymous_15)","decl":{"start":{"line":159,"column":27},"end":{"line":159,"column":28}},"loc":{"start":{"line":159,"column":43},"end":{"line":165,"column":19}},"line":159},"16":{"name":"(anonymous_16)","decl":{"start":{"line":172,"column":28},"end":{"line":172,"column":29}},"loc":{"start":{"line":172,"column":34},"end":{"line":172,"column":66}},"line":172},"17":{"name":"(anonymous_17)","decl":{"start":{"line":179,"column":19},"end":{"line":179,"column":20}},"loc":{"start":{"line":180,"column":10},"end":{"line":188,"column":59}},"line":180},"18":{"name":"(anonymous_18)","decl":{"start":{"line":187,"column":21},"end":{"line":187,"column":22}},"loc":{"start":{"line":187,"column":27},"end":{"line":187,"column":60}},"line":187},"19":{"name":"(anonymous_19)","decl":{"start":{"line":188,"column":24},"end":{"line":188,"column":25}},"loc":{"start":{"line":188,"column":30},"end":{"line":188,"column":55}},"line":188},"20":{"name":"(anonymous_20)","decl":{"start":{"line":204,"column":2},"end":{"line":204,"column":3}},"loc":{"start":{"line":204,"column":62},"end":{"line":229,"column":3}},"line":204},"21":{"name":"(anonymous_21)","decl":{"start":{"line":210,"column":12},"end":{"line":210,"column":13}},"loc":{"start":{"line":210,"column":26},"end":{"line":215,"column":7}},"line":210},"22":{"name":"(anonymous_22)","decl":{"start":{"line":216,"column":12},"end":{"line":216,"column":13}},"loc":{"start":{"line":216,"column":41},"end":{"line":222,"column":7}},"line":216},"23":{"name":"(anonymous_23)","decl":{"start":{"line":223,"column":13},"end":{"line":223,"column":14}},"loc":{"start":{"line":223,"column":29},"end":{"line":228,"column":7}},"line":223},"24":{"name":"(anonymous_24)","decl":{"start":{"line":231,"column":20},"end":{"line":231,"column":21}},"loc":{"start":{"line":231,"column":41},"end":{"line":243,"column":3}},"line":231},"25":{"name":"(anonymous_25)","decl":{"start":{"line":245,"column":23},"end":{"line":245,"column":24}},"loc":{"start":{"line":245,"column":49},"end":{"line":276,"column":3}},"line":245},"26":{"name":"(anonymous_26)","decl":{"start":{"line":278,"column":25},"end":{"line":278,"column":26}},"loc":{"start":{"line":278,"column":42},"end":{"line":292,"column":3}},"line":278},"27":{"name":"(anonymous_27)","decl":{"start":{"line":294,"column":33},"end":{"line":294,"column":34}},"loc":{"start":{"line":294,"column":39},"end":{"line":296,"column":3}},"line":294}},"branchMap":{"0":{"loc":{"start":{"line":61,"column":15},"end":{"line":61,"column":72}},"type":"binary-expr","locations":[{"start":{"line":61,"column":15},"end":{"line":61,"column":64}},{"start":{"line":61,"column":68},"end":{"line":61,"column":72}}],"line":61},"1":{"loc":{"start":{"line":68,"column":26},"end":{"line":68,"column":85}},"type":"binary-expr","locations":[{"start":{"line":68,"column":26},"end":{"line":68,"column":77}},{"start":{"line":68,"column":81},"end":{"line":68,"column":85}}],"line":68},"2":{"loc":{"start":{"line":87,"column":37},"end":{"line":87,"column":77}},"type":"default-arg","locations":[{"start":{"line":87,"column":53},"end":{"line":87,"column":77}}],"line":87},"3":{"loc":{"start":{"line":93,"column":4},"end":{"line":97,"column":5}},"type":"if","locations":[{"start":{"line":93,"column":4},"end":{"line":97,"column":5}},{"start":{},"end":{}}],"line":93},"4":{"loc":{"start":{"line":93,"column":8},"end":{"line":93,"column":31}},"type":"binary-expr","locations":[{"start":{"line":93,"column":8},"end":{"line":93,"column":14}},{"start":{"line":93,"column":18},"end":{"line":93,"column":31}}],"line":93},"5":{"loc":{"start":{"line":117,"column":12},"end":{"line":117,"column":22}},"type":"default-arg","locations":[{"start":{"line":117,"column":20},"end":{"line":117,"column":22}}],"line":117},"6":{"loc":{"start":{"line":117,"column":24},"end":{"line":117,"column":42}},"type":"default-arg","locations":[{"start":{"line":117,"column":40},"end":{"line":117,"column":42}}],"line":117},"7":{"loc":{"start":{"line":125,"column":10},"end":{"line":142,"column":33}},"type":"cond-expr","locations":[{"start":{"line":126,"column":10},"end":{"line":142,"column":21}},{"start":{"line":142,"column":24},"end":{"line":142,"column":33}}],"line":125},"8":{"loc":{"start":{"line":147,"column":13},"end":{"line":174,"column":14}},"type":"binary-expr","locations":[{"start":{"line":147,"column":13},"end":{"line":147,"column":34}},{"start":{"line":147,"column":38},"end":{"line":174,"column":14}}],"line":147},"9":{"loc":{"start":{"line":167,"column":18},"end":{"line":170,"column":19}},"type":"if","locations":[{"start":{"line":167,"column":18},"end":{"line":170,"column":19}},{"start":{},"end":{}}],"line":167},"10":{"loc":{"start":{"line":205,"column":4},"end":{"line":207,"column":5}},"type":"if","locations":[{"start":{"line":205,"column":4},"end":{"line":207,"column":5}},{"start":{},"end":{}}],"line":205},"11":{"loc":{"start":{"line":211,"column":8},"end":{"line":213,"column":9}},"type":"if","locations":[{"start":{"line":211,"column":8},"end":{"line":213,"column":9}},{"start":{},"end":{}}],"line":211},"12":{"loc":{"start":{"line":216,"column":22},"end":{"line":216,"column":34}},"type":"default-arg","locations":[{"start":{"line":216,"column":32},"end":{"line":216,"column":34}}],"line":216},"13":{"loc":{"start":{"line":240,"column":4},"end":{"line":242,"column":5}},"type":"if","locations":[{"start":{"line":240,"column":4},"end":{"line":242,"column":5}},{"start":{},"end":{}}],"line":240},"14":{"loc":{"start":{"line":246,"column":4},"end":{"line":269,"column":5}},"type":"if","locations":[{"start":{"line":246,"column":4},"end":{"line":269,"column":5}},{"start":{"line":261,"column":11},"end":{"line":269,"column":5}}],"line":246}},"s":{"0":0,"1":0,"2":0,"3":0,"4":0,"5":0,"6":0,"7":0,"8":0,"9":0,"10":0,"11":0,"12":0,"13":0,"14":0,"15":0,"16":0,"17":0,"18":0,"19":0,"20":0,"21":0,"22":0,"23":0,"24":0,"25":0,"26":0,"27":0,"28":0,"29":0,"30":0,"31":0,"32":0,"33":0,"34":0,"35":0,"36":0,"37":0,"38":0,"39":0,"40":0,"41":0,"42":0,"43":0,"44":0,"45":0,"46":0,"47":0,"48":0,"49":0,"50":0,"51":0,"52":0,"53":0,"54":0,"55":0,"56":0,"57":0,"58":0,"59":0,"60":0,"61":0,"62":0,"63":0,"64":0,"65":0,"66":0,"67":0,"68":0,"69":0,"70":0,"71":0,"72":0},"f":{"0":0,"1":0,"2":0,"3":0,"4":0,"5":0,"6":0,"7":0,"8":0,"9":0,"10":0,"11":0,"12":0,"13":0,"14":0,"15":0,"16":0,"17":0,"18":0,"19":0,"20":0,"21":0,"22":0,"23":0,"24":0,"25":0,"26":0,"27":0},"b":{"0":[0,0],"1":[0,0],"2":[0],"3":[0,0],"4":[0,0],"5":[0],"6":[0],"7":[0,0],"8":[0,0],"9":[0,0],"10":[0,0],"11":[0,0],"12":[0],"13":[0,0],"14":[0,0]}}}}
